DEBUG: Found 0 available tasks with category: Work
DEBUG: Found 0 today's tasks with category: Work
DEBUG: Category 'Work' renamed to 'Work'. Found 0 available tasks and 0 today's tasks using this category.
DEBUG: Found 0 available tasks with category: Work
DEBUG: Found 0 today's tasks with category: Work
DEBUG: Category 'Work' renamed to 'Business'. Found 0 available tasks and 0 today's tasks using this category.
DEBUG: Found 0 available tasks with category: Personal
DEBUG: Found 0 today's tasks with category: Personal
DEBUG: Category 'Personal' renamed to 'Home'. Found 0 available tasks and 0 today's tasks using this category.
DEBUG: Found 0 available tasks with category: Original
DEBUG: Found 0 today's tasks with category: Original
DEBUG: Category 'Original' renamed to '  Updated Name  '. Found 0 available tasks and 0 today's tasks using this category.
DEBUG: Found 0 available tasks with category: Original
DEBUG: Found 0 today's tasks with category: Original
DEBUG: Category 'Original' renamed to 'New Name'. Found 0 available tasks and 0 today's tasks using this category.
DEBUG: Found 0 available tasks with category: Work
DEBUG: Found 0 today's tasks with category: Work
DEBUG: Category 'Work' renamed to 'Updated Work'. Found 0 available tasks and 0 today's tasks using this category.
Mockito is currently self-attaching to enable the inline-mock-maker. This will no longer work in future releases of the JDK. Please add Mockito as an agent to your build as described in Mockito's documentation: https://javadoc.io/doc/org.mockito/mockito-core/latest/org.mockito/org/mockito/Mockito.html#0.3
WARNING: A Java agent has been loaded dynamically (/Users/Angelaqaaa/.m2/repository/net/bytebuddy/byte-buddy-agent/1.17.5/byte-buddy-agent-1.17.5.jar)
WARNING: If a serviceability tool is in use, please run with -XX:+EnableDynamicAgentLoading to hide this warning
WARNING: If a serviceability tool is not in use, please run with -Djdk.instrument.traceUsage for more information
WARNING: Dynamic loading of agents will be disallowed by default in a future release
OpenJDK 64-Bit Server VM warning: Sharing is only supported for boot loader classes because bootstrap classpath has been appended
DEBUG: Triggered Today So Far refresh after removing task from today
DEBUG: Triggered Today So Far refresh after removing task from today
DEBUG: DeleteCategoryInteractor.execute() called with categoryId: null
DEBUG: Found category: null
DEBUG: DeleteCategoryInteractor.execute() called with categoryId: bb60418a-ae51-474f-a95e-93399c253330
DEBUG: Found category: Work
DEBUG: Updating tasks with category: Work
DEBUG: Task update result: true
DEBUG: Deleting category: Work
DEBUG: Category deletion result: true
DEBUG: Category deleted successfully. Updated 0 available tasks and 0 today's tasks to have empty category.
DEBUG: DeleteCategoryInteractor.execute() called with categoryId: 409d0149-c3b9-4fb7-9b97-a83435996cf4
DEBUG: Found category: Work
DEBUG: Updating tasks with category: Work
DEBUG: Task update result: true
DEBUG: Deleting category: Work
DEBUG: Category deletion result: true
DEBUG: Category deleted successfully. Updated 0 available tasks and 0 today's tasks to have empty category.
DEBUG: DeleteCategoryInteractor.execute() called with categoryId: ba616201-cfad-4214-b391-d77729b112a9
DEBUG: Found category: Work
DEBUG: Updating tasks with category: Work
DEBUG: Task update result: true
DEBUG: Deleting category: Work
DEBUG: Category deletion result: true
DEBUG: Category deleted successfully. Updated 2 available tasks and 0 today's tasks to have empty category.
DEBUG: DeleteCategoryInteractor.execute() called with categoryId: 2a70bda1-c19e-4cee-b348-59788bfebf20
DEBUG: Found category: Work
DEBUG: Updating tasks with category: Work
DEBUG: Task update result: true
DEBUG: Deleting category: Work
DEBUG: Category deletion result: true
DEBUG: Category deleted successfully. Updated 1 available tasks and 0 today's tasks to have empty category.
DEBUG: DeleteCategoryInteractor.execute() called with categoryId: 9f2b3406-cfa7-4c59-bd5f-71f4c56efe77
DEBUG: Found category: Work
DEBUG: Updating tasks with category: Work
DEBUG: Task update result: true
DEBUG: Deleting category: Work
DEBUG: Category deletion result: true
DEBUG: Category deleted successfully. Updated 2 available tasks and 0 today's tasks to have empty category.
DEBUG: DeleteCategoryInteractor.execute() called with categoryId: non-existent-id
DEBUG: Found category: null
DEBUG: DeleteCategoryInteractor.execute() called with categoryId: 
DEBUG: Found category: null
DEBUG: DeleteCategoryInteractor.execute() called with categoryId: 39d3d19a-930a-49c7-8a24-5c819b5efcc4
DEBUG: Found category: Extra
DEBUG: Updating tasks with category: Extra
DEBUG: Task update result: true
DEBUG: Deleting category: Extra
DEBUG: Category deletion result: true
DEBUG: Category deleted successfully. Updated 0 available tasks and 0 today's tasks to have empty category.
DEBUG: MarkTaskCompletePresenter - Success: Task marked as complete
DEBUG: MarkTaskCompletePresenter - Success: This is a very long success message that contains detailed information
DEBUG: MarkTaskCompletePresenter - Success: Task marked as complete
DEBUG: MarkTaskCompletePresenter - Success: Test message
DEBUG: MarkTaskCompletePresenter - Error: Task not found
DEBUG: MarkTaskCompletePresenter - Error: null
DEBUG: MarkTaskCompletePresenter - Success: Task marked as incomplete
DEBUG: MarkTaskCompletePresenter - Error: Task not found
DEBUG: MarkTaskCompletePresenter - Success: null
DEBUG: MarkTaskCompletePresenter - Success: Test message
DEBUG: MarkTaskCompletePresenter - Error: This is a very long error message that contains detailed information about what went wrong
DEBUG: MarkTaskCompletePresenter - Error: 
DEBUG: MarkTaskCompletePresenter - Success: 
DEBUG: TodaySoFarPresenter.presentTodaySoFar() called
DEBUG: Firing property change with 0 goals, 0 completed items
DEBUG: TodaySoFarPresenter.presentTodaySoFar() called
DEBUG: Firing property change with 0 goals, 0 completed items
DEBUG: TodaySoFarPresenter.presentTodaySoFar() called
DEBUG: Firing property change with 5 goals, 6 completed items
DEBUG: TodaySoFarPresenter.presentTodaySoFar() called
DEBUG: Firing property change with 3 goals, 1 completed items
DEBUG: TodaySoFarPresenter.presentTodaySoFar() called
DEBUG: Firing property change with 2 goals, 2 completed items
DEBUG: TodaySoFarPresenter.presentTodaySoFar() called
DEBUG: Firing property change with 1 goals, 1 completed items
DEBUG: EditAvailableTaskPresenter - TodayTasksViewModel set: true
DEBUG: EditAvailableTaskPresenter - TodayTasksViewModel set: true
DEBUG: EditAvailableTaskPresenter - TodayTasksViewModel set: true
DEBUG: EditAvailableTaskPresenter.prepareSuccessView - message: Task updated successfully
DEBUG: Triggered Today's Tasks refresh after edit
DEBUG: EditAvailableTaskPresenter.prepareSuccessView - message: Task updated successfully
DEBUG: EditAvailableTaskPresenter.prepareSuccessView - message: Task updated successfully
DEBUG: Triggered Today So Far refresh after task edit
DEBUG: EditAvailableTaskPresenter.prepareFailView - error: Task update failed
DEBUG: EditAvailableTaskPresenter - AddTaskToTodayViewModel set: true
DEBUG: EditAvailableTaskPresenter.prepareSuccessView - message: Task updated successfully
DEBUG: Triggered Add to Today dropdown refresh after task edit
DEBUG: EditAvailableTaskPresenter - TodayTasksViewModel set: true
DEBUG: EditAvailableTaskPresenter - AddTaskToTodayViewModel set: true
DEBUG: EditAvailableTaskPresenter.prepareSuccessView - message: Task updated successfully
DEBUG: Triggered Today's Tasks refresh after edit
DEBUG: Triggered Add to Today dropdown refresh after task edit
DEBUG: Triggered Today So Far refresh after task edit
DEBUG: EditAvailableTaskPresenter - AddTaskToTodayViewModel set: true
DEBUG: EditAvailableTaskPresenter.prepareSuccessView - message: Task updated successfully
DEBUG: Triggered Add to Today dropdown refresh after task edit
DEBUG: EditAvailableTaskPresenter.prepareSuccessView - message: Task updated successfully
DEBUG: EditAvailableTaskPresenter.prepareSuccessView - message: Task updated successfully
DEBUG: EditAvailableTaskPresenter - AddTaskToTodayViewModel set: true
DEBUG: EditAvailableTaskPresenter - AddTaskToTodayViewModel set: true
DEBUG: EditAvailableTaskPresenter - TodayTasksViewModel set: true
DEBUG: EditAvailableTaskPresenter.prepareSuccessView - message: Task updated successfully
DEBUG: Triggered Today's Tasks refresh after edit
DEBUG: OverdueTasksInteractor.execute() called with daysBack: 30
DEBUG: OverdueTasksStrategy.getOverdueTasks() called with daysBack: 30
DEBUG: Cutoff date: 2025-07-22, Today: 2025-08-21
DEBUG: Total today's tasks to check: 1
DEBUG: Found 0 overdue tasks
DEBUG: OverdueTasksInteractor.execute() called with daysBack: 30
DEBUG: OverdueTasksStrategy.getOverdueTasks() called with daysBack: 30
DEBUG: Cutoff date: 2025-07-22, Today: 2025-08-21
DEBUG: Total today's tasks to check: 1
DEBUG: Found 0 overdue tasks
DEBUG: OverdueTasksInteractor.execute() called with daysBack: 30
DEBUG: OverdueTasksStrategy.getOverdueTasks() called with daysBack: 30
DEBUG: Cutoff date: 2025-07-22, Today: 2025-08-21
DEBUG: Total today's tasks to check: 1
DEBUG: Found 1 overdue tasks
DEBUG: OverdueTasksInteractor.execute() called with daysBack: 30
DEBUG: OverdueTasksStrategy.getOverdueTasks() called with daysBack: 30
DEBUG: Cutoff date: 2025-07-22, Today: 2025-08-21
DEBUG: Total today's tasks to check: 0
DEBUG: Found 0 overdue tasks
DEBUG: OverdueTasksInteractor.execute() called with daysBack: 30
DEBUG: OverdueTasksStrategy.getOverdueTasks() called with daysBack: 30
DEBUG: Cutoff date: 2025-07-22, Today: 2025-08-21
DEBUG: Total today's tasks to check: 4
DEBUG: Found 2 overdue tasks
DEBUG: EditTodayTaskController.execute - taskId: null, priority: LOW, dueDate: 2025-08-21
DEBUG: EditTodayTaskController.execute - taskId: task-test, priority: HIGH, dueDate: 2025-08-21
DEBUG: EditTodayTaskController.execute - taskId: task-789, priority: MEDIUM, dueDate: null
DEBUG: EditTodayTaskController.execute - taskId: task-1, priority: HIGH, dueDate: 2025-08-21
DEBUG: EditTodayTaskController.execute - taskId: task-2, priority: MEDIUM, dueDate: 2025-08-22
DEBUG: EditTodayTaskController.execute - taskId: task-3, priority: LOW, dueDate: 2025-08-28
DEBUG: EditTodayTaskController.execute - taskId: task-1, priority: LOW, dueDate: 2025-08-21
DEBUG: EditTodayTaskController.execute - taskId: task-2, priority: MEDIUM, dueDate: 2025-08-21
DEBUG: EditTodayTaskController.execute - taskId: task-3, priority: HIGH, dueDate: 2025-08-21
DEBUG: EditTodayTaskController.execute - taskId: task-456, priority: null, dueDate: 2023-12-31
DEBUG: EditTodayTaskController.execute - taskId: task-123, priority: HIGH, dueDate: 2023-12-25
DEBUG: EditTodayTaskController.execute - taskId: , priority: MEDIUM, dueDate: 2025-08-21
DEBUG: EditTodayTaskController.execute - taskId: task-past, priority: HIGH, dueDate: 2020-01-01
DEBUG: EditTodayTaskController.execute - taskId: task-000, priority: null, dueDate: null
DEBUG: EditTodayTaskController.execute - taskId: task-future, priority: LOW, dueDate: 2030-12-31
DEBUG: EditTodayTaskPresenter.prepareFailView - error: 
DEBUG: EditTodayTaskPresenter.prepareSuccessView - message: Task updated successfully
DEBUG: Triggered Today's Tasks refresh after edit
DEBUG: EditTodayTaskPresenter.prepareSuccessView - message: Task updated successfully
DEBUG: Triggered Today's Tasks refresh after edit
DEBUG: EditTodayTaskPresenter.prepareSuccessView - message: First update
DEBUG: Triggered Today's Tasks refresh after edit
DEBUG: EditTodayTaskPresenter.prepareSuccessView - message: Second update
DEBUG: Triggered Today's Tasks refresh after edit
DEBUG: EditTodayTaskPresenter.prepareSuccessView - message: Task updated successfully
DEBUG: Triggered Today's Tasks refresh after edit
DEBUG: EditTodayTaskPresenter.prepareSuccessView - message: Task updated successfully
DEBUG: Triggered Today So Far refresh after editing today task
DEBUG: Triggered Today's Tasks refresh after edit
DEBUG: EditTodayTaskPresenter.prepareSuccessView - message: Task updated successfully
DEBUG: Triggered Today So Far refresh after editing today task
DEBUG: Triggered Today's Tasks refresh after edit
DEBUG: EditTodayTaskPresenter.prepareFailView - error: null
DEBUG: EditTodayTaskPresenter.prepareFailView - error: Task not found
DEBUG: EditTodayTaskPresenter.prepareSuccessView - message: null
DEBUG: Triggered Today's Tasks refresh after edit
DEBUG: EditTodayTaskPresenter.prepareSuccessView - message: Task updated successfully
DEBUG: Triggered Today's Tasks refresh after edit

org.mockito.exceptions.misusing.InvalidUseOfMatchersException: 
Misplaced or misused argument matcher detected here:

-> at data_access.alex.EventAvailableDataAccessObjectTest.testContainsTrue(EventAvailableDataAccessObjectTest.java:78)

You cannot use argument matchers outside of verification or stubbing.
Examples of correct usage of argument matchers:
    when(mock.get(anyInt())).thenReturn(null);
    doThrow(new RuntimeException()).when(mock).someVoidMethod(any());
    verify(mock).someMethod(contains("foo"))

This message may appear after an NullPointerException if the last matcher is returning an object 
like any() but the stubbed method signature expect a primitive argument, in this case,
use primitive alternatives.
    when(mock.get(any())); // bad use, will raise NPE
    when(mock.get(anyInt())); // correct usage use

Also, this error might show up because you use argument matchers with methods that cannot be mocked.
Following methods *cannot* be stubbed/verified: final/private/equals()/hashCode().
Mocking methods declared on non-public parent classes is not supported.


	at data_access.alex.EventAvailableDataAccessObjectTest.testContainsTrue(EventAvailableDataAccessObjectTest.java:78)
	at java.base/jdk.internal.reflect.DirectMethodHandleAccessor.invoke(DirectMethodHandleAccessor.java:104)
	at java.base/java.lang.reflect.Method.invoke(Method.java:565)
	at org.junit.platform.commons.util.ReflectionUtils.invokeMethod(ReflectionUtils.java:725)
	at org.junit.jupiter.engine.execution.MethodInvocation.proceed(MethodInvocation.java:60)
	at org.junit.jupiter.engine.execution.InvocationInterceptorChain$ValidatingInvocation.proceed(InvocationInterceptorChain.java:131)
	at org.junit.jupiter.engine.extension.TimeoutExtension.intercept(TimeoutExtension.java:149)
	at org.junit.jupiter.engine.extension.TimeoutExtension.interceptTestableMethod(TimeoutExtension.java:140)
	at org.junit.jupiter.engine.extension.TimeoutExtension.interceptTestMethod(TimeoutExtension.java:84)
	at org.junit.jupiter.engine.execution.ExecutableInvoker$ReflectiveInterceptorCall.lambda$ofVoidMethod$0(ExecutableInvoker.java:115)
	at org.junit.jupiter.engine.execution.ExecutableInvoker.lambda$invoke$0(ExecutableInvoker.java:105)
	at org.junit.jupiter.engine.execution.InvocationInterceptorChain$InterceptedInvocation.proceed(InvocationInterceptorChain.java:106)
	at org.junit.jupiter.engine.execution.InvocationInterceptorChain.proceed(InvocationInterceptorChain.java:64)
	at org.junit.jupiter.engine.execution.InvocationInterceptorChain.chainAndInvoke(InvocationInterceptorChain.java:45)
	at org.junit.jupiter.engine.execution.InvocationInterceptorChain.invoke(InvocationInterceptorChain.java:37)
	at org.junit.jupiter.engine.execution.ExecutableInvoker.invoke(ExecutableInvoker.java:104)
	at org.junit.jupiter.engine.execution.ExecutableInvoker.invoke(ExecutableInvoker.java:98)
	at org.junit.jupiter.engine.descriptor.TestMethodTestDescriptor.lambda$invokeTestMethod$7(TestMethodTestDescriptor.java:214)
	at org.junit.platform.engine.support.hierarchical.ThrowableCollector.execute(ThrowableCollector.java:73)
	at org.junit.jupiter.engine.descriptor.TestMethodTestDescriptor.invokeTestMethod(TestMethodTestDescriptor.java:210)
	at org.junit.jupiter.engine.descriptor.TestMethodTestDescriptor.execute(TestMethodTestDescriptor.java:135)
	at org.junit.jupiter.engine.descriptor.TestMethodTestDescriptor.execute(TestMethodTestDescriptor.java:66)
	at org.junit.platform.engine.support.hierarchical.NodeTestTask.lambda$executeRecursively$6(NodeTestTask.java:151)
	at org.junit.platform.engine.support.hierarchical.ThrowableCollector.execute(ThrowableCollector.java:73)
	at org.junit.platform.engine.support.hierarchical.NodeTestTask.lambda$executeRecursively$8(NodeTestTask.java:141)
	at org.junit.platform.engine.support.hierarchical.Node.around(Node.java:137)
	at org.junit.platform.engine.support.hierarchical.NodeTestTask.lambda$executeRecursively$9(NodeTestTask.java:139)
	at org.junit.platform.engine.support.hierarchical.ThrowableCollector.execute(ThrowableCollector.java:73)
	at org.junit.platform.engine.support.hierarchical.NodeTestTask.executeRecursively(NodeTestTask.java:138)
	at org.junit.platform.engine.support.hierarchical.NodeTestTask.execute(NodeTestTask.java:95)
	at java.base/java.util.ArrayList.forEach(ArrayList.java:1604)
	at org.junit.platform.engine.support.hierarchical.SameThreadHierarchicalTestExecutorService.invokeAll(SameThreadHierarchicalTestExecutorService.java:41)
	at org.junit.platform.engine.support.hierarchical.NodeTestTask.lambda$executeRecursively$6(NodeTestTask.java:155)
	at org.junit.platform.engine.support.hierarchical.ThrowableCollector.execute(ThrowableCollector.java:73)
	at org.junit.platform.engine.support.hierarchical.NodeTestTask.lambda$executeRecursively$8(NodeTestTask.java:141)
	at org.junit.platform.engine.support.hierarchical.Node.around(Node.java:137)
	at org.junit.platform.engine.support.hierarchical.NodeTestTask.lambda$executeRecursively$9(NodeTestTask.java:139)
	at org.junit.platform.engine.support.hierarchical.ThrowableCollector.execute(ThrowableCollector.java:73)
	at org.junit.platform.engine.support.hierarchical.NodeTestTask.executeRecursively(NodeTestTask.java:138)
	at org.junit.platform.engine.support.hierarchical.NodeTestTask.execute(NodeTestTask.java:95)
	at java.base/java.util.ArrayList.forEach(ArrayList.java:1604)
	at org.junit.platform.engine.support.hierarchical.SameThreadHierarchicalTestExecutorService.invokeAll(SameThreadHierarchicalTestExecutorService.java:41)
	at org.junit.platform.engine.support.hierarchical.NodeTestTask.lambda$executeRecursively$6(NodeTestTask.java:155)
	at org.junit.platform.engine.support.hierarchical.ThrowableCollector.execute(ThrowableCollector.java:73)
	at org.junit.platform.engine.support.hierarchical.NodeTestTask.lambda$executeRecursively$8(NodeTestTask.java:141)
	at org.junit.platform.engine.support.hierarchical.Node.around(Node.java:137)
	at org.junit.platform.engine.support.hierarchical.NodeTestTask.lambda$executeRecursively$9(NodeTestTask.java:139)
	at org.junit.platform.engine.support.hierarchical.ThrowableCollector.execute(ThrowableCollector.java:73)
	at org.junit.platform.engine.support.hierarchical.NodeTestTask.executeRecursively(NodeTestTask.java:138)
	at org.junit.platform.engine.support.hierarchical.NodeTestTask.execute(NodeTestTask.java:95)
	at org.junit.platform.engine.support.hierarchical.SameThreadHierarchicalTestExecutorService.submit(SameThreadHierarchicalTestExecutorService.java:35)
	at org.junit.platform.engine.support.hierarchical.HierarchicalTestExecutor.execute(HierarchicalTestExecutor.java:57)
	at org.junit.platform.engine.support.hierarchical.HierarchicalTestEngine.execute(HierarchicalTestEngine.java:54)
	at org.junit.platform.launcher.core.EngineExecutionOrchestrator.execute(EngineExecutionOrchestrator.java:107)
	at org.junit.platform.launcher.core.EngineExecutionOrchestrator.execute(EngineExecutionOrchestrator.java:88)
	at org.junit.platform.launcher.core.EngineExecutionOrchestrator.lambda$execute$0(EngineExecutionOrchestrator.java:54)
	at org.junit.platform.launcher.core.EngineExecutionOrchestrator.withInterceptedStreams(EngineExecutionOrchestrator.java:67)
	at org.junit.platform.launcher.core.EngineExecutionOrchestrator.execute(EngineExecutionOrchestrator.java:52)
	at org.junit.platform.launcher.core.DefaultLauncher.execute(DefaultLauncher.java:114)
	at org.junit.platform.launcher.core.DefaultLauncher.execute(DefaultLauncher.java:86)
	at org.junit.platform.launcher.core.DefaultLauncherSession$DelegatingLauncher.execute(DefaultLauncherSession.java:86)
	at org.junit.platform.launcher.core.SessionPerRequestLauncher.execute(SessionPerRequestLauncher.java:53)
	at com.intellij.junit5.JUnit5IdeaTestRunner.startRunnerWithArgs(JUnit5IdeaTestRunner.java:57)
	at com.intellij.rt.junit.IdeaTestRunner$Repeater$1.execute(IdeaTestRunner.java:38)
	at com.intellij.rt.execution.junit.TestsRepeater.repeat(TestsRepeater.java:11)
	at com.intellij.rt.junit.IdeaTestRunner$Repeater.startRunnerWithArgs(IdeaTestRunner.java:35)
	at com.intellij.rt.junit.JUnitStarter.prepareStreamsAndStart(JUnitStarter.java:231)
	at com.intellij.rt.junit.JUnitStarter.main(JUnitStarter.java:55)

DEBUG: CreateTaskPresenter.presentSuccess called
DEBUG: Fired property change for CreateTaskViewModel
DEBUG: Fired property change for AvailableTasksViewModel with refreshNeeded=true
DEBUG: Fired property change for AddTaskToTodayViewModel with refreshNeeded=true
DEBUG: CreateTaskPresenter.presentSuccess called
DEBUG: Fired property change for CreateTaskViewModel
DEBUG: Fired property change for AvailableTasksViewModel with refreshNeeded=true
DEBUG: Fired property change for AddTaskToTodayViewModel with refreshNeeded=true
DEBUG: CreateTaskPresenter.presentSuccess called
DEBUG: Fired property change for CreateTaskViewModel
DEBUG: Fired property change for AvailableTasksViewModel with refreshNeeded=true
DEBUG: Fired property change for AddTaskToTodayViewModel with refreshNeeded=true
DEBUG: CreateTaskPresenter.presentSuccess called
DEBUG: Fired property change for CreateTaskViewModel
DEBUG: Fired property change for AvailableTasksViewModel with refreshNeeded=true
DEBUG: Fired property change for AddTaskToTodayViewModel with refreshNeeded=true
DEBUG: CreateTaskPresenter.presentSuccess called
DEBUG: Fired property change for CreateTaskViewModel
DEBUG: Fired property change for AvailableTasksViewModel with refreshNeeded=true
DEBUG: Fired property change for AddTaskToTodayViewModel with refreshNeeded=true
DEBUG: CreateTaskPresenter.presentSuccess called
DEBUG: Fired property change for CreateTaskViewModel
DEBUG: Fired property change for AvailableTasksViewModel with refreshNeeded=true
[Interactor] Creating WellnessLogEntry...
  Mood: Happy
  Stress: FIVE
  Energy: SIX
  Fatigue: THREE
  Note: Feeling great!
[Interactor] Entry created: entity.alex.WellnessLogEntry.WellnessLogEntry@319e49d5
[Interactor] Entry saved to DAO
[Interactor] Creating WellnessLogEntry...
  Mood: Anxious
  Stress: NINE
  Energy: ONE
  Fatigue: SEVEN
  Note: Burned out.
[Interactor] Exception occurred:
java.lang.RuntimeException: Factory error
	at use_case.alex.wellness_log_related.add_wellnessLog.AddWellnessLogInteractor.execute(AddWellnessLogInteractor.java:36)
	at use_case.alex.wellness_log_related.add_wellnessLog.AddWellnessLogInteractorTest.testExecute_factoryThrowsException_shouldCallFailView(AddWellnessLogInteractorTest.java:92)
	at java.base/jdk.internal.reflect.DirectMethodHandleAccessor.invoke(DirectMethodHandleAccessor.java:104)
	at java.base/java.lang.reflect.Method.invoke(Method.java:565)
	at org.junit.platform.commons.util.ReflectionUtils.invokeMethod(ReflectionUtils.java:725)
	at org.junit.jupiter.engine.execution.MethodInvocation.proceed(MethodInvocation.java:60)
	at org.junit.jupiter.engine.execution.InvocationInterceptorChain$ValidatingInvocation.proceed(InvocationInterceptorChain.java:131)
	at org.junit.jupiter.engine.extension.TimeoutExtension.intercept(TimeoutExtension.java:149)
	at org.junit.jupiter.engine.extension.TimeoutExtension.interceptTestableMethod(TimeoutExtension.java:140)
	at org.junit.jupiter.engine.extension.TimeoutExtension.interceptTestMethod(TimeoutExtension.java:84)
	at org.junit.jupiter.engine.execution.ExecutableInvoker$ReflectiveInterceptorCall.lambda$ofVoidMethod$0(ExecutableInvoker.java:115)
	at org.junit.jupiter.engine.execution.ExecutableInvoker.lambda$invoke$0(ExecutableInvoker.java:105)
	at org.junit.jupiter.engine.execution.InvocationInterceptorChain$InterceptedInvocation.proceed(InvocationInterceptorChain.java:106)
	at org.junit.jupiter.engine.execution.InvocationInterceptorChain.proceed(InvocationInterceptorChain.java:64)
	at org.junit.jupiter.engine.execution.InvocationInterceptorChain.chainAndInvoke(InvocationInterceptorChain.java:45)
	at org.junit.jupiter.engine.execution.InvocationInterceptorChain.invoke(InvocationInterceptorChain.java:37)
	at org.junit.jupiter.engine.execution.ExecutableInvoker.invoke(ExecutableInvoker.java:104)
	at org.junit.jupiter.engine.execution.ExecutableInvoker.invoke(ExecutableInvoker.java:98)
	at org.junit.jupiter.engine.descriptor.TestMethodTestDescriptor.lambda$invokeTestMethod$7(TestMethodTestDescriptor.java:214)
	at org.junit.platform.engine.support.hierarchical.ThrowableCollector.execute(ThrowableCollector.java:73)
	at org.junit.jupiter.engine.descriptor.TestMethodTestDescriptor.invokeTestMethod(TestMethodTestDescriptor.java:210)
	at org.junit.jupiter.engine.descriptor.TestMethodTestDescriptor.execute(TestMethodTestDescriptor.java:135)
	at org.junit.jupiter.engine.descriptor.TestMethodTestDescriptor.execute(TestMethodTestDescriptor.java:66)
	at org.junit.platform.engine.support.hierarchical.NodeTestTask.lambda$executeRecursively$6(NodeTestTask.java:151)
	at org.junit.platform.engine.support.hierarchical.ThrowableCollector.execute(ThrowableCollector.java:73)
	at org.junit.platform.engine.support.hierarchical.NodeTestTask.lambda$executeRecursively$8(NodeTestTask.java:141)
	at org.junit.platform.engine.support.hierarchical.Node.around(Node.java:137)
	at org.junit.platform.engine.support.hierarchical.NodeTestTask.lambda$executeRecursively$9(NodeTestTask.java:139)
	at org.junit.platform.engine.support.hierarchical.ThrowableCollector.execute(ThrowableCollector.java:73)
	at org.junit.platform.engine.support.hierarchical.NodeTestTask.executeRecursively(NodeTestTask.java:138)
	at org.junit.platform.engine.support.hierarchical.NodeTestTask.execute(NodeTestTask.java:95)
	at java.base/java.util.ArrayList.forEach(ArrayList.java:1604)
	at org.junit.platform.engine.support.hierarchical.SameThreadHierarchicalTestExecutorService.invokeAll(SameThreadHierarchicalTestExecutorService.java:41)
	at org.junit.platform.engine.support.hierarchical.NodeTestTask.lambda$executeRecursively$6(NodeTestTask.java:155)
	at org.junit.platform.engine.support.hierarchical.ThrowableCollector.execute(ThrowableCollector.java:73)
	at org.junit.platform.engine.support.hierarchical.NodeTestTask.lambda$executeRecursively$8(NodeTestTask.java:141)
	at org.junit.platform.engine.support.hierarchical.Node.around(Node.java:137)
	at org.junit.platform.engine.support.hierarchical.NodeTestTask.lambda$executeRecursively$9(NodeTestTask.java:139)
	at org.junit.platform.engine.support.hierarchical.ThrowableCollector.execute(ThrowableCollector.java:73)
	at org.junit.platform.engine.support.hierarchical.NodeTestTask.executeRecursively(NodeTestTask.java:138)
	at org.junit.platform.engine.support.hierarchical.NodeTestTask.execute(NodeTestTask.java:95)
	at java.base/java.util.ArrayList.forEach(ArrayList.java:1604)
	at org.junit.platform.engine.support.hierarchical.SameThreadHierarchicalTestExecutorService.invokeAll(SameThreadHierarchicalTestExecutorService.java:41)
	at org.junit.platform.engine.support.hierarchical.NodeTestTask.lambda$executeRecursively$6(NodeTestTask.java:155)
	at org.junit.platform.engine.support.hierarchical.ThrowableCollector.execute(ThrowableCollector.java:73)
	at org.junit.platform.engine.support.hierarchical.NodeTestTask.lambda$executeRecursively$8(NodeTestTask.java:141)
	at org.junit.platform.engine.support.hierarchical.Node.around(Node.java:137)
	at org.junit.platform.engine.support.hierarchical.NodeTestTask.lambda$executeRecursively$9(NodeTestTask.java:139)
	at org.junit.platform.engine.support.hierarchical.ThrowableCollector.execute(ThrowableCollector.java:73)
	at org.junit.platform.engine.support.hierarchical.NodeTestTask.executeRecursively(NodeTestTask.java:138)
	at org.junit.platform.engine.support.hierarchical.NodeTestTask.execute(NodeTestTask.java:95)
	at org.junit.platform.engine.support.hierarchical.SameThreadHierarchicalTestExecutorService.submit(SameThreadHierarchicalTestExecutorService.java:35)
	at org.junit.platform.engine.support.hierarchical.HierarchicalTestExecutor.execute(HierarchicalTestExecutor.java:57)
	at org.junit.platform.engine.support.hierarchical.HierarchicalTestEngine.execute(HierarchicalTestEngine.java:54)
	at org.junit.platform.launcher.core.EngineExecutionOrchestrator.execute(EngineExecutionOrchestrator.java:107)
	at org.junit.platform.launcher.core.EngineExecutionOrchestrator.execute(EngineExecutionOrchestrator.java:88)
	at org.junit.platform.launcher.core.EngineExecutionOrchestrator.lambda$execute$0(EngineExecutionOrchestrator.java:54)
	at org.junit.platform.launcher.core.EngineExecutionOrchestrator.withInterceptedStreams(EngineExecutionOrchestrator.java:67)
	at org.junit.platform.launcher.core.EngineExecutionOrchestrator.execute(EngineExecutionOrchestrator.java:52)
	at org.junit.platform.launcher.core.DefaultLauncher.execute(DefaultLauncher.java:114)
	at org.junit.platform.launcher.core.DefaultLauncher.execute(DefaultLauncher.java:86)
	at org.junit.platform.launcher.core.DefaultLauncherSession$DelegatingLauncher.execute(DefaultLauncherSession.java:86)
	at org.junit.platform.launcher.core.SessionPerRequestLauncher.execute(SessionPerRequestLauncher.java:53)
	at com.intellij.junit5.JUnit5IdeaTestRunner.startRunnerWithArgs(JUnit5IdeaTestRunner.java:57)
	at com.intellij.rt.junit.IdeaTestRunner$Repeater$1.execute(IdeaTestRunner.java:38)
	at com.intellij.rt.execution.junit.TestsRepeater.repeat(TestsRepeater.java:11)
	at com.intellij.rt.junit.IdeaTestRunner$Repeater.startRunnerWithArgs(IdeaTestRunner.java:35)
	at com.intellij.rt.junit.JUnitStarter.prepareStreamsAndStart(JUnitStarter.java:231)
	at com.intellij.rt.junit.JUnitStarter.main(JUnitStarter.java:55)
DEBUG: Testing mode - allowing re-add of task with overdue date
DEBUG: Testing mode - allowing re-add of task with overdue date
DEBUG: Found 1 today's goals
DEBUG: Checking goal: Unrelated Goal
DEBUG: Goal target task: 'Other Task'
DEBUG: Completed task: 'Different Task'
DEBUG: No match - task names don't match
DEBUG: Found 1 today's goals
DEBUG: Checking goal: Reading Goal
DEBUG: Goal target task: 'Read'
DEBUG: Completed task: 'Read'
DEBUG: MATCH FOUND! Updating goal progress.
DEBUG: Found 1 today's goals
Error updating goal progress: Cannot invoke "entity.Sophia.GoalInfo.getInfo()" because the return value of "entity.Sophia.Goal.getGoalInfo()" is null
DEBUG: Found 1 today's goals
DEBUG: Checking goal: Study Goal
DEBUG: Goal target task: 'Study'
DEBUG: Completed task: 'Study'
DEBUG: MATCH FOUND! Updating goal progress.
DEBUG: Updated goal 'Study Goal' progress to 4
DEBUG: Found 1 today's goals
DEBUG: Checking goal: Fitness Goal
DEBUG: Goal target task: 'Exercise'
DEBUG: Completed task: 'Exercise'
DEBUG: MATCH FOUND! Updating goal progress.
DEBUG: Updated goal 'Fitness Goal' progress to 1
Error updating goal progress: Database error
Successfully saved snapshot for 2025-08-21
Cleaned up 5 old snapshots
Successfully saved snapshot for 2025-08-21
Failed to save snapshot for 2025-08-21
Successfully saved snapshot for 2025-08-21
Successfully saved snapshot for 2025-08-21
Snapshot already exists for 2025-08-21
DEBUG [AddTaskToTodayController]: executeForTestingOverdue() called - taskId: task@#$%123, priority: MEDIUM, dueDate: 2025-08-14
DEBUG [AddTaskToTodayController]: execute() called - taskId: task123, priority: LOW, dueDate: 2025-08-21
DEBUG [AddTaskToTodayController]: executeForTestingOverdue() called - taskId: null, priority: null, dueDate: null
DEBUG [AddTaskToTodayController]: execute() called - taskId: null, priority: MEDIUM, dueDate: 2025-08-21
DEBUG [AddTaskToTodayController]: execute() called - taskId: task123, priority: HIGH, dueDate: 2025-08-22
DEBUG [AddTaskToTodayController]: executeForTestingOverdue() called - taskId: task123, priority: HIGH, dueDate: 2025-08-19
DEBUG [AddTaskToTodayController]: execute() called - taskId: task123, priority: HIGH, dueDate: null
DEBUG [AddTaskToTodayController]: execute() called - taskId: task123, priority: HIGH, dueDate: 2025-08-21
DEBUG [AddTaskToTodayController]: execute() called - taskId: task123, priority: MEDIUM, dueDate: 2025-08-21
DEBUG [AddTaskToTodayController]: execute() called - taskId: task123, priority: HIGH, dueDate: 2025-08-16
DEBUG [AddTaskToTodayController]: execute() called - taskId: task123, priority: null, dueDate: 2025-08-21
DEBUG [AddTaskToTodayController]: execute() called - taskId: task123, priority: LOW, dueDate: 2025-08-31
DEBUG [AddTaskToTodayController]: execute() called - taskId: , priority: LOW, dueDate: 2025-08-20
DEBUG: EditAvailableTaskInteractor.execute - taskId: task1, name: Updated Task, isOneTime: false
DEBUG: Task update result: true
DEBUG: Calling prepareSuccessView
DEBUG: EditAvailableTaskInteractor.execute - taskId: task1, name: Updated Task, isOneTime: false
DEBUG: Task update result: false
DEBUG: Update failed, calling prepareFailView
DEBUG: EditAvailableTaskInteractor.execute - taskId: task1, name: 12345678901234567890, isOneTime: false
DEBUG: Task update result: true
DEBUG: Calling prepareSuccessView
DEBUG: EditAvailableTaskInteractor.execute - taskId: task1, name:    , isOneTime: false
DEBUG: EditAvailableTaskInteractor.execute - taskId: task1, name: Updated Task, isOneTime: false
DEBUG: Task update result: false
DEBUG: Update failed, calling prepareFailView
DEBUG: EditAvailableTaskInteractor.execute - taskId: task1, name: Updated Task, isOneTime: false
DEBUG: Task update result: true
DEBUG: Calling prepareSuccessView
DEBUG: EditAvailableTaskInteractor.execute - taskId: task1, name: ThisIsAVeryLongTaskNameThatExceeds20Characters, isOneTime: false
DEBUG: EditAvailableTaskInteractor.execute - taskId: task1, name: Updated Task, isOneTime: false
DEBUG: EditAvailableTaskInteractor.execute - taskId: task1, name: Updated Task, isOneTime: false
DEBUG: Task update result: true
DEBUG: Calling prepareSuccessView
DEBUG: EditAvailableTaskInteractor.execute - taskId: task1, name: null, isOneTime: false
DEBUG: EditAvailableTaskInteractor.execute - taskId: task1, name: @#$%^&*()_+-={}[]|, isOneTime: false
DEBUG: Task update result: true
DEBUG: Calling prepareSuccessView
DEBUG: EditAvailableTaskInteractor.execute - taskId: non-existent, name: Updated Task, isOneTime: false
DEBUG: EditAvailableTaskInteractor.execute - taskId: task1, name: , isOneTime: false
DEBUG: EditAvailableTaskInteractor.execute - taskId: task1, name: Existing Task, isOneTime: true
DEBUG: Task update result: true
DEBUG: Calling prepareSuccessView
DEBUG: EditAvailableTaskInteractor.execute - taskId: task1, name: Updated Task, isOneTime: false
DEBUG: Task update result: true
DEBUG: Calling prepareSuccessView
DEBUG: EditAvailableTaskInteractor.execute - taskId: task1, name: Updated Task, isOneTime: false
DEBUG: Task update result: true
DEBUG: Calling prepareSuccessView
DEBUG: EditAvailableTaskInteractor.execute - taskId: task2, name: Task A, isOneTime: false
DEBUG: EditAvailableTaskInteractor.execute - taskId: task1, name: Updated Task, isOneTime: false
DEBUG: Task update result: true
DEBUG: Calling prepareSuccessView
DEBUG: EditAvailableTaskInteractor.execute - taskId: task1, name: Updated Task, isOneTime: false
DEBUG: EditAvailableTaskInteractor.execute - taskId: task1, name: „Çø„Çπ„ÇØ üìù ‚úÖ, isOneTime: false
DEBUG: Task update result: true
DEBUG: Calling prepareSuccessView
DEBUG: EditAvailableTaskInteractor.execute - taskId: task1, name: Updated Task, isOneTime: false
DEBUG: EditAvailableTaskInteractor.execute - taskId: task1, name: Updated Task, isOneTime: true
DEBUG: Task update result: true
DEBUG: Calling prepareSuccessView
DEBUG: EditAvailableTaskInteractor.execute - taskId: task1, name: Final Task, isOneTime: false
DEBUG: Task update result: true
DEBUG: Calling prepareSuccessView
DEBUG: EditAvailableTaskInteractor.execute - taskId: task1, name: Updated Task, isOneTime: true
DEBUG: Task update result: true
DEBUG: Calling prepareSuccessView
DEBUG: CreateGoalInteractor - No target task provided, using default
DEBUG: CreateGoalInteractor - Using target task: Task
DEBUG: CreateGoalInteractor - No target task provided, using default
DEBUG: CreateGoalInteractor - No target task provided, using default
DEBUG: CreateGoalInteractor - No target task provided, using default
DEBUG: TodaySoFarInteractor.refreshTodaySoFar() called
DEBUG: Active goals count: 0
DEBUG: Completed tasks count: 0
DEBUG: Completed events count: 0
DEBUG: Presenting output data to boundary
DEBUG: TodaySoFarInteractor.refreshTodaySoFar() called
DEBUG: Active goals count: 0
DEBUG: Completed tasks count: 0
DEBUG: Completed events count: 0
DEBUG: Presenting output data to boundary
DEBUG: TodaySoFarInteractor.refreshTodaySoFar() called
DEBUG: Active goals count: 0
DEBUG: Completed tasks count: 0
DEBUG: Completed events count: 0
DEBUG: Presenting output data to boundary
DEBUG: TodaySoFarInteractor.refreshTodaySoFar() called
DEBUG: Active goals count: 0
DEBUG: Completed tasks count: 0
DEBUG: Completed events count: 0
DEBUG: Presenting output data to boundary
DEBUG: TodaySoFarInteractor.refreshTodaySoFar() called
DEBUG: Active goals count: 0
DEBUG: Completed tasks count: 0
DEBUG: Completed events count: 0
DEBUG: Presenting output data to boundary
DEBUG: TodaySoFarInteractor.refreshTodaySoFar() called
DEBUG: Active goals count: 0
DEBUG: Completed tasks count: 0
DEBUG: Completed events count: 0
DEBUG: Presenting output data to boundary
DEBUG: TodaySoFarInteractor.refreshTodaySoFar() called
DEBUG: Active goals count: 0
DEBUG: Completed tasks count: 0
DEBUG: Completed events count: 0
DEBUG: Presenting output data to boundary
java.lang.RuntimeException: Test exception
	at use_case.Angela.today_so_far.TodaySoFarInteractorTest$TestTodaySoFarDataAccess.getActiveGoals(TodaySoFarInteractorTest.java:174)
	at use_case.Angela.today_so_far.TodaySoFarInteractor.refreshTodaySoFar(TodaySoFarInteractor.java:38)
	at use_case.Angela.today_so_far.TodaySoFarInteractorTest.testErrorHandling(TodaySoFarInteractorTest.java:128)
	at java.base/jdk.internal.reflect.DirectMethodHandleAccessor.invoke(DirectMethodHandleAccessor.java:104)
	at java.base/java.lang.reflect.Method.invoke(Method.java:565)
	at org.junit.platform.commons.util.ReflectionUtils.invokeMethod(ReflectionUtils.java:725)
	at org.junit.jupiter.engine.execution.MethodInvocation.proceed(MethodInvocation.java:60)
	at org.junit.jupiter.engine.execution.InvocationInterceptorChain$ValidatingInvocation.proceed(InvocationInterceptorChain.java:131)
	at org.junit.jupiter.engine.extension.TimeoutExtension.intercept(TimeoutExtension.java:149)
	at org.junit.jupiter.engine.extension.TimeoutExtension.interceptTestableMethod(TimeoutExtension.java:140)
	at org.junit.jupiter.engine.extension.TimeoutExtension.interceptTestMethod(TimeoutExtension.java:84)
	at org.junit.jupiter.engine.execution.ExecutableInvoker$ReflectiveInterceptorCall.lambda$ofVoidMethod$0(ExecutableInvoker.java:115)
	at org.junit.jupiter.engine.execution.ExecutableInvoker.lambda$invoke$0(ExecutableInvoker.java:105)
	at org.junit.jupiter.engine.execution.InvocationInterceptorChain$InterceptedInvocation.proceed(InvocationInterceptorChain.java:106)
	at org.junit.jupiter.engine.execution.InvocationInterceptorChain.proceed(InvocationInterceptorChain.java:64)
	at org.junit.jupiter.engine.execution.InvocationInterceptorChain.chainAndInvoke(InvocationInterceptorChain.java:45)
	at org.junit.jupiter.engine.execution.InvocationInterceptorChain.invoke(InvocationInterceptorChain.java:37)
	at org.junit.jupiter.engine.execution.ExecutableInvoker.invoke(ExecutableInvoker.java:104)
	at org.junit.jupiter.engine.execution.ExecutableInvoker.invoke(ExecutableInvoker.java:98)
	at org.junit.jupiter.engine.descriptor.TestMethodTestDescriptor.lambda$invokeTestMethod$7(TestMethodTestDescriptor.java:214)
	at org.junit.platform.engine.support.hierarchical.ThrowableCollector.execute(ThrowableCollector.java:73)
	at org.junit.jupiter.engine.descriptor.TestMethodTestDescriptor.invokeTestMethod(TestMethodTestDescriptor.java:210)
	at org.junit.jupiter.engine.descriptor.TestMethodTestDescriptor.execute(TestMethodTestDescriptor.java:135)
	at org.junit.jupiter.engine.descriptor.TestMethodTestDescriptor.execute(TestMethodTestDescriptor.java:66)
	at org.junit.platform.engine.support.hierarchical.NodeTestTask.lambda$executeRecursively$6(NodeTestTask.java:151)
	at org.junit.platform.engine.support.hierarchical.ThrowableCollector.execute(ThrowableCollector.java:73)
DEBUG: TodaySoFarInteractor.refreshTodaySoFar() called
DEBUG: Error in refreshTodaySoFar: Test exception
	at org.junit.platform.engine.support.hierarchical.NodeTestTask.lambda$executeRecursively$8(NodeTestTask.java:141)
	at org.junit.platform.engine.support.hierarchical.Node.around(Node.java:137)
	at org.junit.platform.engine.support.hierarchical.NodeTestTask.lambda$executeRecursively$9(NodeTestTask.java:139)
	at org.junit.platform.engine.support.hierarchical.ThrowableCollector.execute(ThrowableCollector.java:73)
	at org.junit.platform.engine.support.hierarchical.NodeTestTask.executeRecursively(NodeTestTask.java:138)
	at org.junit.platform.engine.support.hierarchical.NodeTestTask.execute(NodeTestTask.java:95)
	at java.base/java.util.ArrayList.forEach(ArrayList.java:1604)
	at org.junit.platform.engine.support.hierarchical.SameThreadHierarchicalTestExecutorService.invokeAll(SameThreadHierarchicalTestExecutorService.java:41)
	at org.junit.platform.engine.support.hierarchical.NodeTestTask.lambda$executeRecursively$6(NodeTestTask.java:155)
	at org.junit.platform.engine.support.hierarchical.ThrowableCollector.execute(ThrowableCollector.java:73)
	at org.junit.platform.engine.support.hierarchical.NodeTestTask.lambda$executeRecursively$8(NodeTestTask.java:141)
	at org.junit.platform.engine.support.hierarchical.Node.around(Node.java:137)
	at org.junit.platform.engine.support.hierarchical.NodeTestTask.lambda$executeRecursively$9(NodeTestTask.java:139)
	at org.junit.platform.engine.support.hierarchical.ThrowableCollector.execute(ThrowableCollector.java:73)
	at org.junit.platform.engine.support.hierarchical.NodeTestTask.executeRecursively(NodeTestTask.java:138)
	at org.junit.platform.engine.support.hierarchical.NodeTestTask.execute(NodeTestTask.java:95)
	at java.base/java.util.ArrayList.forEach(ArrayList.java:1604)
	at org.junit.platform.engine.support.hierarchical.SameThreadHierarchicalTestExecutorService.invokeAll(SameThreadHierarchicalTestExecutorService.java:41)
	at org.junit.platform.engine.support.hierarchical.NodeTestTask.lambda$executeRecursively$6(NodeTestTask.java:155)
	at org.junit.platform.engine.support.hierarchical.ThrowableCollector.execute(ThrowableCollector.java:73)
	at org.junit.platform.engine.support.hierarchical.NodeTestTask.lambda$executeRecursively$8(NodeTestTask.java:141)
	at org.junit.platform.engine.support.hierarchical.Node.around(Node.java:137)
	at org.junit.platform.engine.support.hierarchical.NodeTestTask.lambda$executeRecursively$9(NodeTestTask.java:139)
	at org.junit.platform.engine.support.hierarchical.ThrowableCollector.execute(ThrowableCollector.java:73)
	at org.junit.platform.engine.support.hierarchical.NodeTestTask.executeRecursively(NodeTestTask.java:138)
	at org.junit.platform.engine.support.hierarchical.NodeTestTask.execute(NodeTestTask.java:95)
	at org.junit.platform.engine.support.hierarchical.SameThreadHierarchicalTestExecutorService.submit(SameThreadHierarchicalTestExecutorService.java:35)
	at org.junit.platform.engine.support.hierarchical.HierarchicalTestExecutor.execute(HierarchicalTestExecutor.java:57)
	at org.junit.platform.engine.support.hierarchical.HierarchicalTestEngine.execute(HierarchicalTestEngine.java:54)
	at org.junit.platform.launcher.core.EngineExecutionOrchestrator.execute(EngineExecutionOrchestrator.java:107)
	at org.junit.platform.launcher.core.EngineExecutionOrchestrator.execute(EngineExecutionOrchestrator.java:88)
	at org.junit.platform.launcher.core.EngineExecutionOrchestrator.lambda$execute$0(EngineExecutionOrchestrator.java:54)
	at org.junit.platform.launcher.core.EngineExecutionOrchestrator.withInterceptedStreams(EngineExecutionOrchestrator.java:67)
	at org.junit.platform.launcher.core.EngineExecutionOrchestrator.execute(EngineExecutionOrchestrator.java:52)
	at org.junit.platform.launcher.core.DefaultLauncher.execute(DefaultLauncher.java:114)
	at org.junit.platform.launcher.core.DefaultLauncher.execute(DefaultLauncher.java:86)
	at org.junit.platform.launcher.core.DefaultLauncherSession$DelegatingLauncher.execute(DefaultLauncherSession.java:86)
	at org.junit.platform.launcher.core.SessionPerRequestLauncher.execute(SessionPerRequestLauncher.java:53)
	at com.intellij.junit5.JUnit5IdeaTestRunner.startRunnerWithArgs(JUnit5IdeaTestRunner.java:57)
	at com.intellij.rt.junit.IdeaTestRunner$Repeater$1.execute(IdeaTestRunner.java:38)
	at com.intellij.rt.execution.junit.TestsRepeater.repeat(TestsRepeater.java:11)
	at com.intellij.rt.junit.IdeaTestRunner$Repeater.startRunnerWithArgs(IdeaTestRunner.java:35)
	at com.intellij.rt.junit.JUnitStarter.prepareStreamsAndStart(JUnitStarter.java:231)
	at com.intellij.rt.junit.JUnitStarter.main(JUnitStarter.java:55)
DEBUG: TodaySoFarInteractor.refreshTodaySoFar() called
DEBUG: Active goals count: 0
DEBUG: Completed tasks count: 0
DEBUG: Completed events count: 0
DEBUG: Presenting output data to boundary
DEBUG: AddEventPresenter - todaySoFarController is null!
DEBUG: Found 0 available tasks with category: Work
DEBUG: Found 0 today's tasks with category: Work
DEBUG: Category 'Work' renamed to 'Business'. Found 0 available tasks and 0 today's tasks using this category.
DEBUG: Found 0 available tasks with category: Work
DEBUG: Found 0 today's tasks with category: Work
DEBUG: Category 'Work' renamed to '  New Work  '. Found 0 available tasks and 0 today's tasks using this category.
DEBUG: Found 0 available tasks with category: Work
DEBUG: Found 0 today's tasks with category: Work
DEBUG: Category 'Work' renamed to 'WORK'. Found 0 available tasks and 0 today's tasks using this category.
DEBUG: Found 1 available tasks with category: Work
DEBUG: Found 1 today's tasks with category: Work
DEBUG: Category 'Work' renamed to 'Business'. Found 1 available tasks and 1 today's tasks using this category.
DEBUG: Found 1 available tasks with category: Work
DEBUG: Found 0 today's tasks with category: Work
DEBUG: Category 'Work' renamed to 'Business'. Found 1 available tasks and 0 today's tasks using this category.
DEBUG: Found 0 available tasks with category: Work
DEBUG: Found 0 today's tasks with category: Work
DEBUG: Category 'Work' renamed to 'Work'. Found 0 available tasks and 0 today's tasks using this category.
DEBUG: TodaySoFarInteractor.refreshTodaySoFar() called
DEBUG: InMemoryTodaySoFarDataAccess.getActiveGoals() returning 0 goals
DEBUG: Active goals count: 0
DEBUG: Completed tasks count: 0
DEBUG: Completed events count: 0
DEBUG: Presenting output data to boundary
DEBUG: TodaySoFarPresenter.presentTodaySoFar() called
DEBUG: Firing property change with 0 goals, 0 completed items
DEBUG: OverdueTasksController.execute() called with daysBack: 7
DEBUG: OverdueTasksInteractor.execute() called with daysBack: 7
DEBUG: OverdueTasksStrategy.getOverdueTasks() called with daysBack: 7
DEBUG: Cutoff date: 2025-08-14, Today: 2025-08-21
DEBUG: Total today's tasks to check: 0
DEBUG: Found 0 overdue tasks
DEBUG: OverdueTasksPresenter.presentOverdueTasks() called with 0 tasks
DEBUG: OverdueTasksController.execute() called with daysBack: 7
DEBUG: OverdueTasksInteractor.execute() called with daysBack: 7
DEBUG: OverdueTasksStrategy.getOverdueTasks() called with daysBack: 7
DEBUG: Cutoff date: 2025-08-14, Today: 2025-08-21
DEBUG: Total today's tasks to check: 0
DEBUG: Found 0 overdue tasks
DEBUG: OverdueTasksPresenter.presentOverdueTasks() called with 0 tasks
DEBUG: TodaySoFarInteractor.refreshTodaySoFar() called
DEBUG: InMemoryTodaySoFarDataAccess.getActiveGoals() returning 0 goals
DEBUG: Active goals count: 0
DEBUG: Completed tasks count: 0
DEBUG: Completed events count: 0
DEBUG: Presenting output data to boundary
DEBUG: TodaySoFarPresenter.presentTodaySoFar() called
DEBUG: Firing property change with 0 goals, 0 completed items
DEBUG: OverdueTasksController.execute() called with daysBack: 7
DEBUG: OverdueTasksInteractor.execute() called with daysBack: 7
DEBUG: OverdueTasksStrategy.getOverdueTasks() called with daysBack: 7
DEBUG: Cutoff date: 2025-08-14, Today: 2025-08-21
DEBUG: Total today's tasks to check: 0
DEBUG: Found 0 overdue tasks
DEBUG: OverdueTasksPresenter.presentOverdueTasks() called with 0 tasks
DEBUG: OverdueTasksController.execute() called with daysBack: 7
DEBUG: OverdueTasksInteractor.execute() called with daysBack: 7
DEBUG: OverdueTasksStrategy.getOverdueTasks() called with daysBack: 7
DEBUG: Cutoff date: 2025-08-14, Today: 2025-08-21
DEBUG: Total today's tasks to check: 0
DEBUG: Found 0 overdue tasks
DEBUG: OverdueTasksPresenter.presentOverdueTasks() called with 0 tasks
DEBUG: TodaySoFarInteractor.refreshTodaySoFar() called
DEBUG: InMemoryTodaySoFarDataAccess.getActiveGoals() returning 0 goals
DEBUG: Active goals count: 0
DEBUG: Completed tasks count: 0
DEBUG: Completed events count: 0
DEBUG: Presenting output data to boundary
DEBUG: TodaySoFarPresenter.presentTodaySoFar() called
DEBUG: Firing property change with 0 goals, 0 completed items
DEBUG: OverdueTasksController.execute() called with daysBack: 7
DEBUG: OverdueTasksInteractor.execute() called with daysBack: 7
DEBUG: OverdueTasksStrategy.getOverdueTasks() called with daysBack: 7
DEBUG: Cutoff date: 2025-08-14, Today: 2025-08-21
DEBUG: Total today's tasks to check: 0
DEBUG: Found 0 overdue tasks
DEBUG: OverdueTasksPresenter.presentOverdueTasks() called with 0 tasks
DEBUG: OverdueTasksController.execute() called with daysBack: 7
DEBUG: OverdueTasksInteractor.execute() called with daysBack: 7
DEBUG: OverdueTasksStrategy.getOverdueTasks() called with daysBack: 7
DEBUG: Cutoff date: 2025-08-14, Today: 2025-08-21
DEBUG: Total today's tasks to check: 0
DEBUG: Found 0 overdue tasks
DEBUG: OverdueTasksPresenter.presentOverdueTasks() called with 0 tasks
DEBUG: TodaySoFarInteractor.refreshTodaySoFar() called
DEBUG: InMemoryTodaySoFarDataAccess.getActiveGoals() returning 0 goals
DEBUG: Active goals count: 0
DEBUG: Completed tasks count: 0
DEBUG: Completed events count: 0
DEBUG: Presenting output data to boundary
DEBUG: TodaySoFarPresenter.presentTodaySoFar() called
DEBUG: Firing property change with 0 goals, 0 completed items
DEBUG: OverdueTasksController.execute() called with daysBack: 7
DEBUG: OverdueTasksInteractor.execute() called with daysBack: 7
DEBUG: OverdueTasksStrategy.getOverdueTasks() called with daysBack: 7
DEBUG: Cutoff date: 2025-08-14, Today: 2025-08-21
DEBUG: Total today's tasks to check: 0
DEBUG: Found 0 overdue tasks
DEBUG: OverdueTasksPresenter.presentOverdueTasks() called with 0 tasks
DEBUG: OverdueTasksController.execute() called with daysBack: 7
DEBUG: OverdueTasksInteractor.execute() called with daysBack: 7
DEBUG: OverdueTasksStrategy.getOverdueTasks() called with daysBack: 7
DEBUG: Cutoff date: 2025-08-14, Today: 2025-08-21
DEBUG: Total today's tasks to check: 0
DEBUG: Found 0 overdue tasks
DEBUG: OverdueTasksPresenter.presentOverdueTasks() called with 0 tasks
DEBUG: TodaySoFarInteractor.refreshTodaySoFar() called
DEBUG: InMemoryTodaySoFarDataAccess.getActiveGoals() returning 0 goals
DEBUG: Active goals count: 0
DEBUG: Completed tasks count: 0
DEBUG: Completed events count: 0
DEBUG: Presenting output data to boundary
DEBUG: TodaySoFarPresenter.presentTodaySoFar() called
DEBUG: Firing property change with 0 goals, 0 completed items
DEBUG: OverdueTasksController.execute() called with daysBack: 7
DEBUG: OverdueTasksInteractor.execute() called with daysBack: 7
DEBUG: OverdueTasksStrategy.getOverdueTasks() called with daysBack: 7
DEBUG: Cutoff date: 2025-08-14, Today: 2025-08-21
DEBUG: Total today's tasks to check: 0
DEBUG: Found 0 overdue tasks
DEBUG: OverdueTasksPresenter.presentOverdueTasks() called with 0 tasks


Argument(s) are different! Wanted:
editWellnessLogOutputBoundary.prepareFailView(
    "Log not found for ID: nonexistent"
);
-> at use_case.alex.wellness_log_related.todays_wellness_log_module.edit_wellnesslog.EditWellnessLogInteractorTest.testExecute_logNotFound_shouldCallFailView(EditWellnessLogInteractorTest.java:49)
Actual invocations have different arguments:
editWellnessLogOutputBoundary.prepareFailView(
    "Wellness log not found for ID: nonexistent"
);
-> at use_case.alex.wellness_log_related.todays_wellness_log_module.edit_wellnesslog.EditWellnessLogInteractor.execute(EditWellnessLogInteractor.java:36)

Comparison Failure: 
<Click to see difference>

Argument(s) are different! Wanted:
editWellnessLogOutputBoundary.prepareFailView(
    "Log not found for ID: nonexistent"
);
-> at use_case.alex.wellness_log_related.todays_wellness_log_module.edit_wellnesslog.EditWellnessLogInteractorTest.testExecute_logNotFound_shouldCallFailView(EditWellnessLogInteractorTest.java:49)
Actual invocations have different arguments:
editWellnessLogOutputBoundary.prepareFailView(
    "Wellness log not found for ID: nonexistent"
);
-> at use_case.alex.wellness_log_related.todays_wellness_log_module.edit_wellnesslog.EditWellnessLogInteractor.execute(EditWellnessLogInteractor.java:36)

	at use_case.alex.wellness_log_related.todays_wellness_log_module.edit_wellnesslog.EditWellnessLogInteractorTest.testExecute_logNotFound_shouldCallFailView(EditWellnessLogInteractorTest.java:49)
	at java.base/jdk.internal.reflect.DirectMethodHandleAccessor.invoke(DirectMethodHandleAccessor.java:104)
	at java.base/java.lang.reflect.Method.invoke(Method.java:565)
	at org.junit.platform.commons.util.ReflectionUtils.invokeMethod(ReflectionUtils.java:725)
	at org.junit.jupiter.engine.execution.MethodInvocation.proceed(MethodInvocation.java:60)
	at org.junit.jupiter.engine.execution.InvocationInterceptorChain$ValidatingInvocation.proceed(InvocationInterceptorChain.java:131)
	at org.junit.jupiter.engine.extension.TimeoutExtension.intercept(TimeoutExtension.java:149)
	at org.junit.jupiter.engine.extension.TimeoutExtension.interceptTestableMethod(TimeoutExtension.java:140)
	at org.junit.jupiter.engine.extension.TimeoutExtension.interceptTestMethod(TimeoutExtension.java:84)
	at org.junit.jupiter.engine.execution.ExecutableInvoker$ReflectiveInterceptorCall.lambda$ofVoidMethod$0(ExecutableInvoker.java:115)
	at org.junit.jupiter.engine.execution.ExecutableInvoker.lambda$invoke$0(ExecutableInvoker.java:105)
	at org.junit.jupiter.engine.execution.InvocationInterceptorChain$InterceptedInvocation.proceed(InvocationInterceptorChain.java:106)
	at org.junit.jupiter.engine.execution.InvocationInterceptorChain.proceed(InvocationInterceptorChain.java:64)
	at org.junit.jupiter.engine.execution.InvocationInterceptorChain.chainAndInvoke(InvocationInterceptorChain.java:45)
	at org.junit.jupiter.engine.execution.InvocationInterceptorChain.invoke(InvocationInterceptorChain.java:37)
	at org.junit.jupiter.engine.execution.ExecutableInvoker.invoke(ExecutableInvoker.java:104)
	at org.junit.jupiter.engine.execution.ExecutableInvoker.invoke(ExecutableInvoker.java:98)
	at org.junit.jupiter.engine.descriptor.TestMethodTestDescriptor.lambda$invokeTestMethod$7(TestMethodTestDescriptor.java:214)
	at org.junit.platform.engine.support.hierarchical.ThrowableCollector.execute(ThrowableCollector.java:73)
	at org.junit.jupiter.engine.descriptor.TestMethodTestDescriptor.invokeTestMethod(TestMethodTestDescriptor.java:210)
	at org.junit.jupiter.engine.descriptor.TestMethodTestDescriptor.execute(TestMethodTestDescriptor.java:135)
	at org.junit.jupiter.engine.descriptor.TestMethodTestDescriptor.execute(TestMethodTestDescriptor.java:66)
	at org.junit.platform.engine.support.hierarchical.NodeTestTask.lambda$executeRecursively$6(NodeTestTask.java:151)
	at org.junit.platform.engine.support.hierarchical.ThrowableCollector.execute(ThrowableCollector.java:73)
	at org.junit.platform.engine.support.hierarchical.NodeTestTask.lambda$executeRecursively$8(NodeTestTask.java:141)
	at org.junit.platform.engine.support.hierarchical.Node.around(Node.java:137)
	at org.junit.platform.engine.support.hierarchical.NodeTestTask.lambda$executeRecursively$9(NodeTestTask.java:139)
	at org.junit.platform.engine.support.hierarchical.ThrowableCollector.execute(ThrowableCollector.java:73)
	at org.junit.platform.engine.support.hierarchical.NodeTestTask.executeRecursively(NodeTestTask.java:138)
	at org.junit.platform.engine.support.hierarchical.NodeTestTask.execute(NodeTestTask.java:95)
	at java.base/java.util.ArrayList.forEach(ArrayList.java:1604)
	at org.junit.platform.engine.support.hierarchical.SameThreadHierarchicalTestExecutorService.invokeAll(SameThreadHierarchicalTestExecutorService.java:41)
	at org.junit.platform.engine.support.hierarchical.NodeTestTask.lambda$executeRecursively$6(NodeTestTask.java:155)
	at org.junit.platform.engine.support.hierarchical.ThrowableCollector.execute(ThrowableCollector.java:73)
	at org.junit.platform.engine.support.hierarchical.NodeTestTask.lambda$executeRecursively$8(NodeTestTask.java:141)
	at org.junit.platform.engine.support.hierarchical.Node.around(Node.java:137)
	at org.junit.platform.engine.support.hierarchical.NodeTestTask.lambda$executeRecursively$9(NodeTestTask.java:139)
	at org.junit.platform.engine.support.hierarchical.ThrowableCollector.execute(ThrowableCollector.java:73)
	at org.junit.platform.engine.support.hierarchical.NodeTestTask.executeRecursively(NodeTestTask.java:138)
	at org.junit.platform.engine.support.hierarchical.NodeTestTask.execute(NodeTestTask.java:95)
	at java.base/java.util.ArrayList.forEach(ArrayList.java:1604)
	at org.junit.platform.engine.support.hierarchical.SameThreadHierarchicalTestExecutorService.invokeAll(SameThreadHierarchicalTestExecutorService.java:41)
	at org.junit.platform.engine.support.hierarchical.NodeTestTask.lambda$executeRecursively$6(NodeTestTask.java:155)
	at org.junit.platform.engine.support.hierarchical.ThrowableCollector.execute(ThrowableCollector.java:73)
	at org.junit.platform.engine.support.hierarchical.NodeTestTask.lambda$executeRecursively$8(NodeTestTask.java:141)
	at org.junit.platform.engine.support.hierarchical.Node.around(Node.java:137)
	at org.junit.platform.engine.support.hierarchical.NodeTestTask.lambda$executeRecursively$9(NodeTestTask.java:139)
	at org.junit.platform.engine.support.hierarchical.ThrowableCollector.execute(ThrowableCollector.java:73)
	at org.junit.platform.engine.support.hierarchical.NodeTestTask.executeRecursively(NodeTestTask.java:138)
	at org.junit.platform.engine.support.hierarchical.NodeTestTask.execute(NodeTestTask.java:95)
	at org.junit.platform.engine.support.hierarchical.SameThreadHierarchicalTestExecutorService.submit(SameThreadHierarchicalTestExecutorService.java:35)
	at org.junit.platform.engine.support.hierarchical.HierarchicalTestExecutor.execute(HierarchicalTestExecutor.java:57)
	at org.junit.platform.engine.support.hierarchical.HierarchicalTestEngine.execute(HierarchicalTestEngine.java:54)
	at org.junit.platform.launcher.core.EngineExecutionOrchestrator.execute(EngineExecutionOrchestrator.java:107)
	at org.junit.platform.launcher.core.EngineExecutionOrchestrator.execute(EngineExecutionOrchestrator.java:88)
	at org.junit.platform.launcher.core.EngineExecutionOrchestrator.lambda$execute$0(EngineExecutionOrchestrator.java:54)
	at org.junit.platform.launcher.core.EngineExecutionOrchestrator.withInterceptedStreams(EngineExecutionOrchestrator.java:67)
	at org.junit.platform.launcher.core.EngineExecutionOrchestrator.execute(EngineExecutionOrchestrator.java:52)
	at org.junit.platform.launcher.core.DefaultLauncher.execute(DefaultLauncher.java:114)
	at org.junit.platform.launcher.core.DefaultLauncher.execute(DefaultLauncher.java:86)
	at org.junit.platform.launcher.core.DefaultLauncherSession$DelegatingLauncher.execute(DefaultLauncherSession.java:86)
	at org.junit.platform.launcher.core.SessionPerRequestLauncher.execute(SessionPerRequestLauncher.java:53)
	at com.intellij.junit5.JUnit5IdeaTestRunner.startRunnerWithArgs(JUnit5IdeaTestRunner.java:57)
	at com.intellij.rt.junit.IdeaTestRunner$Repeater$1.execute(IdeaTestRunner.java:38)
	at com.intellij.rt.execution.junit.TestsRepeater.repeat(TestsRepeater.java:11)
	at com.intellij.rt.junit.IdeaTestRunner$Repeater.startRunnerWithArgs(IdeaTestRunner.java:35)
	at com.intellij.rt.junit.JUnitStarter.prepareStreamsAndStart(JUnitStarter.java:231)
	at com.intellij.rt.junit.JUnitStarter.main(JUnitStarter.java:55)

DEBUG: DeleteCategoryInteractor.execute() called with categoryId: cat-1
DEBUG: Found category: Work
DEBUG: Updating tasks with category: Work
DEBUG: Task update result: true
DEBUG: Updating events with category: Work
DEBUG: Event update result: true
DEBUG: Deleting category: Work
DEBUG: Category deletion result: true
DEBUG: Category deleted successfully. Updated 0 available tasks and 0 today's tasks to have empty category.
DEBUG: DeleteCategoryInteractor.execute() called with categoryId: cat-1
DEBUG: Found category: Work
DEBUG: Updating tasks with category: Work
DEBUG: Task update result: true
DEBUG: Updating events with category: Work
DEBUG: Event update result: true
DEBUG: Deleting category: Work
DEBUG: Category deletion result: true
DEBUG: Category deleted successfully. Updated 0 available tasks and 0 today's tasks to have empty category.
DEBUG: DeleteCategoryInteractor.execute() called with categoryId: cat-1
DEBUG: Found category: Work
DEBUG: Updating tasks with category: Work
DEBUG: Task update result: true
DEBUG: Updating events with category: Work
DEBUG: Event update result: true
DEBUG: Deleting category: Work
DEBUG: Category deletion result: true
DEBUG: Category deleted successfully. Updated 1 available tasks, 1 today's tasks, 1 available events, and 0 today's events
DEBUG: DeleteCategoryInteractor.execute() called with categoryId: non-existent
DEBUG: Found category: null
DEBUG: DeleteCategoryInteractor.execute() called with categoryId: cat-1
DEBUG: Found category: Work
DEBUG: Updating tasks with category: Work
DEBUG: Task update result: true
DEBUG: Updating events with category: Work
DEBUG: Event update result: true
DEBUG: Deleting category: Work
DEBUG: Category deletion result: true
DEBUG: Category deleted successfully. Updated 0 available tasks and 0 today's tasks to have empty category.
DEBUG: Triggered Today So Far refresh after adding task to today
DEBUG: Triggered Today So Far refresh after adding task to today
DEBUG: Triggered Today So Far refresh after adding task to today
DEBUG: Triggered Today So Far refresh after adding task to today
DEBUG: Triggered Today So Far refresh after adding task to today
DEBUG: Triggered Today So Far refresh after adding task to today
DEBUG: Triggered Today So Far refresh after adding task to today
2025-08-21 16:14:31.478 java[7207:23312670] +[IMKClient subclass]: chose IMKClient_Modern
2025-08-21 16:14:31.478 java[7207:23312670] +[IMKInputSession subclass]: chose IMKInputSession_Modern
DEBUG: DeleteCategoryInteractor.execute() called with categoryId: null
DEBUG: Found category: null
DEBUG: DeleteCategoryInteractor.execute() called with categoryId: cat1
DEBUG: Found category: Work
DEBUG: Updating tasks with category: Work
DEBUG: DeleteCategoryInteractor.execute() called with categoryId: cat1
DEBUG: Found category: Work
DEBUG: Updating tasks with category: Work
DEBUG: Task update result: false
DEBUG: DeleteCategoryInteractor.execute() called with categoryId:    
DEBUG: Found category: null
DEBUG: DeleteCategoryInteractor.execute() called with categoryId: cat1
DEBUG: Found category: Work
DEBUG: Updating tasks with category: Work
DEBUG: Task update result: true
DEBUG: Updating events with category: Work
DEBUG: Event update result: true
DEBUG: Deleting category: Work
DEBUG: Category deletion result: false
DEBUG: DeleteCategoryInteractor.execute() called with categoryId: cat1
DEBUG: DeleteCategoryInteractor.execute() called with categoryId: cat1
DEBUG: Found category: Work
DEBUG: Updating tasks with category: Work
DEBUG: Task update result: true
DEBUG: Updating events with category: Work
DEBUG: Event update result: true
DEBUG: Deleting category: Work
DEBUG: Category deletion result: true
DEBUG: Category deleted successfully. Updated 0 available tasks and 0 today's tasks to have empty category.
DEBUG: DeleteCategoryInteractor.execute() called with categoryId: cat-unicode
DEBUG: Found category: „Ç´„ÉÜ„Ç¥„É™ üìÅ ‚ú®
DEBUG: Updating tasks with category: „Ç´„ÉÜ„Ç¥„É™ üìÅ ‚ú®
DEBUG: Task update result: true
DEBUG: Updating events with category: „Ç´„ÉÜ„Ç¥„É™ üìÅ ‚ú®
DEBUG: Event update result: true
DEBUG: Deleting category: „Ç´„ÉÜ„Ç¥„É™ üìÅ ‚ú®
DEBUG: Category deletion result: true
DEBUG: Category deleted successfully. Updated 0 available tasks and 0 today's tasks to have empty category.
DEBUG: DeleteCategoryInteractor.execute() called with categoryId: cat1
DEBUG: Found category: Work
DEBUG: Updating tasks with category: Work
DEBUG: Task update result: true
DEBUG: Updating events with category: Work
DEBUG: Event update result: true
DEBUG: Deleting category: Work
DEBUG: Category deletion result: true
DEBUG: Category deleted successfully. Updated 0 available tasks and 0 today's tasks to have empty category.
DEBUG: DeleteCategoryInteractor.execute() called with categoryId: cat-special
DEBUG: Found category: Work@#$%^&*()
DEBUG: Updating tasks with category: Work@#$%^&*()
DEBUG: Task update result: true
DEBUG: Updating events with category: Work@#$%^&*()
DEBUG: Event update result: true
DEBUG: Deleting category: Work@#$%^&*()
DEBUG: Category deletion result: true
DEBUG: Category deleted successfully. Updated 0 available tasks and 0 today's tasks to have empty category.
DEBUG: DeleteCategoryInteractor.execute() called with categoryId: cat1
DEBUG: Found category: Work
DEBUG: Updating tasks with category: Work
DEBUG: Task update result: true
DEBUG: Updating events with category: Work
DEBUG: DeleteCategoryInteractor.execute() called with categoryId: cat1
DEBUG: Found category: Work
DEBUG: Updating tasks with category: Work
DEBUG: Task update result: true
DEBUG: Updating events with category: Work
DEBUG: Event update result: true
DEBUG: Deleting category: Work
DEBUG: Category deletion result: true
DEBUG: Category deleted successfully. Updated 0 available tasks and 0 today's tasks to have empty category.
DEBUG: DeleteCategoryInteractor.execute() called with categoryId: non-existent
DEBUG: Found category: null
DEBUG: DeleteCategoryInteractor.execute() called with categoryId: cat1
DEBUG: Found category: Work
DEBUG: Updating tasks with category: Work
DEBUG: Task update result: false
DEBUG: DeleteCategoryInteractor.execute() called with categoryId: cat1
DEBUG: Found category: Work
DEBUG: Updating tasks with category: Work
DEBUG: Task update result: true
DEBUG: Updating events with category: Work
DEBUG: Event update result: true
DEBUG: Deleting category: Work
DEBUG: Category deletion result: true
DEBUG: Category deleted successfully. Updated 0 available tasks and 0 today's tasks to have empty category.
DEBUG: DeleteCategoryInteractor.execute() called with categoryId: cat1
DEBUG: Found category: Work
DEBUG: Updating tasks with category: Work
DEBUG: Task update result: true
DEBUG: Updating events with category: Work
DEBUG: Event update result: true
DEBUG: Deleting category: Work
DEBUG: Category deletion result: false
DEBUG: DeleteCategoryInteractor.execute() called with categoryId: 
DEBUG: Found category: null
DEBUG: DeleteCategoryInteractor.execute() called with categoryId: cat1
DEBUG: Found category: Work
DEBUG: Updating tasks with category: Work
DEBUG: Task update result: true
DEBUG: Updating events with category: Work
DEBUG: Event update result: true
DEBUG: Deleting category: Work
DEBUG: Category deletion result: true
DEBUG: Category deleted successfully. Updated 0 available tasks and 0 today's tasks to have empty category.
DEBUG: DeleteCategoryInteractor.execute() called with categoryId: cat1
DEBUG: Found category: Work
DEBUG: Updating tasks with category: Work
DEBUG: Task update result: true
DEBUG: Updating events with category: Work
DEBUG: Event update result: false
DEBUG: DeleteCategoryInteractor.execute() called with categoryId: cat1
DEBUG: Found category: Work
DEBUG: Updating tasks with category: Work
DEBUG: Task update result: true
DEBUG: Updating events with category: Work
DEBUG: Event update result: true
DEBUG: Deleting category: Work
DEBUG: Category deletion result: true
DEBUG: Category deleted successfully. Updated 0 available tasks and 0 today's tasks to have empty category.
DEBUG: DeleteCategoryInteractor.execute() called with categoryId: cat1
DEBUG: Found category: Work
DEBUG: Updating tasks with category: Work
DEBUG: Task update result: true
DEBUG: Updating events with category: Work
DEBUG: Event update result: true
DEBUG: Deleting category: Work
DEBUG: Category deletion result: true
DEBUG: Category deleted successfully. Updated 0 available tasks and 0 today's tasks to have empty category.
DEBUG: DeleteCategoryInteractor.execute() called with categoryId: cat1
DEBUG: Found category: Work
DEBUG: Updating tasks with category: Work
DEBUG: Task update result: true
DEBUG: Updating events with category: Work
DEBUG: Event update result: true
DEBUG: Deleting category: Work
DEBUG: Category deletion result: true
DEBUG: Category deleted successfully. Updated 0 available tasks and 0 today's tasks to have empty category.
DEBUG: DeleteCategoryInteractor.execute() called with categoryId: cat1
DEBUG: Found category: Work
DEBUG: Updating tasks with category: Work
DEBUG: Task update result: true
DEBUG: Updating events with category: Work
DEBUG: Event update result: true
DEBUG: Deleting category: Work
DEBUG: Category deletion result: true
DEBUG: Category deleted successfully. Updated 0 available tasks and 0 today's tasks to have empty category.
DEBUG: goalRepository is null in InMemoryTodaySoFarDataAccess
DEBUG: Error getting today's goals: Test exception
DEBUG: goalRepository is null in InMemoryTodaySoFarDataAccess
DEBUG: InMemoryTodaySoFarDataAccess.getActiveGoals() returning 2 goals
DEBUG: InMemoryTodaySoFarDataAccess.getActiveGoals() returning 2 goals
üü° [Interactor] execute() triggered
‚úÖ [Interactor] Parsed times: 10:00, 14:00, 22:00
üü¢ [Interactor] Calling presenter...
java.lang.RuntimeException: DB error
	at use_case.alex.Settings_related.edit_notificationTime.EditNotificationTimeInteractor.execute(EditNotificationTimeInteractor.java:46)
	at use_case.alex.Settings_related.edit_notificationTime.EditNotificationTimeInteractorTest.testExecute_withDAOThrowsException_shouldFailGracefully(EditNotificationTimeInteractorTest.java:63)
	at java.base/jdk.internal.reflect.DirectMethodHandleAccessor.invoke(DirectMethodHandleAccessor.java:104)
	at java.base/java.lang.reflect.Method.invoke(Method.java:565)
	at org.junit.platform.commons.util.ReflectionUtils.invokeMethod(ReflectionUtils.java:725)
	at org.junit.jupiter.engine.execution.MethodInvocation.proceed(MethodInvocation.java:60)
	at org.junit.jupiter.engine.execution.InvocationInterceptorChain$ValidatingInvocation.proceed(InvocationInterceptorChain.java:131)
	at org.junit.jupiter.engine.extension.TimeoutExtension.intercept(TimeoutExtension.java:149)
	at org.junit.jupiter.engine.extension.TimeoutExtension.interceptTestableMethod(TimeoutExtension.java:140)
	at org.junit.jupiter.engine.extension.TimeoutExtension.interceptTestMethod(TimeoutExtension.java:84)
	at org.junit.jupiter.engine.execution.ExecutableInvoker$ReflectiveInterceptorCall.lambda$ofVoidMethod$0(ExecutableInvoker.java:115)
	at org.junit.jupiter.engine.execution.ExecutableInvoker.lambda$invoke$0(ExecutableInvoker.java:105)
	at org.junit.jupiter.engine.execution.InvocationInterceptorChain$InterceptedInvocation.proceed(InvocationInterceptorChain.java:106)
	at org.junit.jupiter.engine.execution.InvocationInterceptorChain.proceed(InvocationInterceptorChain.java:64)
	at org.junit.jupiter.engine.execution.InvocationInterceptorChain.chainAndInvoke(InvocationInterceptorChain.java:45)
	at org.junit.jupiter.engine.execution.InvocationInterceptorChain.invoke(InvocationInterceptorChain.java:37)
	at org.junit.jupiter.engine.execution.ExecutableInvoker.invoke(ExecutableInvoker.java:104)
	at org.junit.jupiter.engine.execution.ExecutableInvoker.invoke(ExecutableInvoker.java:98)
	at org.junit.jupiter.engine.descriptor.TestMethodTestDescriptor.lambda$invokeTestMethod$7(TestMethodTestDescriptor.java:214)
	at org.junit.platform.engine.support.hierarchical.ThrowableCollector.execute(ThrowableCollector.java:73)
	at org.junit.jupiter.engine.descriptor.TestMethodTestDescriptor.invokeTestMethod(TestMethodTestDescriptor.java:210)
	at org.junit.jupiter.engine.descriptor.TestMethodTestDescriptor.execute(TestMethodTestDescriptor.java:135)
	at org.junit.jupiter.engine.descriptor.TestMethodTestDescriptor.execute(TestMethodTestDescriptor.java:66)
	at org.junit.platform.engine.support.hierarchical.NodeTestTask.lambda$executeRecursively$6(NodeTestTask.java:151)
	at org.junit.platform.engine.support.hierarchical.ThrowableCollector.execute(ThrowableCollector.java:73)
	at org.junit.platform.engine.support.hierarchical.NodeTestTask.lambda$executeRecursively$8(NodeTestTask.java:141)
	at org.junit.platform.engine.support.hierarchical.Node.around(Node.java:137)
	at org.junit.platform.engine.support.hierarchical.NodeTestTask.lambda$executeRecursively$9(NodeTestTask.java:139)
	at org.junit.platform.engine.support.hierarchical.ThrowableCollector.execute(ThrowableCollector.java:73)
	at org.junit.platform.engine.support.hierarchical.NodeTestTask.executeRecursively(NodeTestTask.java:138)
	at org.junit.platform.engine.support.hierarchical.NodeTestTask.execute(NodeTestTask.java:95)
	at java.base/java.util.ArrayList.forEach(ArrayList.java:1604)
	at org.junit.platform.engine.support.hierarchical.SameThreadHierarchicalTestExecutorService.invokeAll(SameThreadHierarchicalTestExecutorService.java:41)
	at org.junit.platform.engine.support.hierarchical.NodeTestTask.lambda$executeRecursively$6(NodeTestTask.java:155)
	at org.junit.platform.engine.support.hierarchical.ThrowableCollector.execute(ThrowableCollector.java:73)
	at org.junit.platform.engine.support.hierarchical.NodeTestTask.lambda$executeRecursively$8(NodeTestTask.java:141)
	at org.junit.platform.engine.support.hierarchical.Node.around(Node.java:137)
	at org.junit.platform.engine.support.hierarchical.NodeTestTask.lambda$executeRecursively$9(NodeTestTask.java:139)
	at org.junit.platform.engine.support.hierarchical.ThrowableCollector.execute(ThrowableCollector.java:73)
	at org.junit.platform.engine.support.hierarchical.NodeTestTask.executeRecursively(NodeTestTask.java:138)
	at org.junit.platform.engine.support.hierarchical.NodeTestTask.execute(NodeTestTask.java:95)
	at java.base/java.util.ArrayList.forEach(ArrayList.java:1604)
	at org.junit.platform.engine.support.hierarchical.SameThreadHierarchicalTestExecutorService.invokeAll(SameThreadHierarchicalTestExecutorService.java:41)
	at org.junit.platform.engine.support.hierarchical.NodeTestTask.lambda$executeRecursively$6(NodeTestTask.java:155)
	at org.junit.platform.engine.support.hierarchical.ThrowableCollector.execute(ThrowableCollector.java:73)
	at org.junit.platform.engine.support.hierarchical.NodeTestTask.lambda$executeRecursively$8(NodeTestTask.java:141)
	at org.junit.platform.engine.support.hierarchical.Node.around(Node.java:137)
	at org.junit.platform.engine.support.hierarchical.NodeTestTask.lambda$executeRecursively$9(NodeTestTask.java:139)
	at org.junit.platform.engine.support.hierarchical.ThrowableCollector.execute(ThrowableCollector.java:73)
	at org.junit.platform.engine.support.hierarchical.NodeTestTask.executeRecursively(NodeTestTask.java:138)
	at org.junit.platform.engine.support.hierarchical.NodeTestTask.execute(NodeTestTask.java:95)
	at org.junit.platform.engine.support.hierarchical.SameThreadHierarchicalTestExecutorService.submit(SameThreadHierarchicalTestExecutorService.java:35)
	at org.junit.platform.engine.support.hierarchical.HierarchicalTestExecutor.execute(HierarchicalTestExecutor.java:57)
	at org.junit.platform.engine.support.hierarchical.HierarchicalTestEngine.execute(HierarchicalTestEngine.java:54)
	at org.junit.platform.launcher.core.EngineExecutionOrchestrator.execute(EngineExecutionOrchestrator.java:107)
	at org.junit.platform.launcher.core.EngineExecutionOrchestrator.execute(EngineExecutionOrchestrator.java:88)
	at org.junit.platform.launcher.core.EngineExecutionOrchestrator.lambda$execute$0(EngineExecutionOrchestrator.java:54)
	at org.junit.platform.launcher.core.EngineExecutionOrchestrator.withInterceptedStreams(EngineExecutionOrchestrator.java:67)
	at org.junit.platform.launcher.core.EngineExecutionOrchestrator.execute(EngineExecutionOrchestrator.java:52)
	at org.junit.platform.launcher.core.DefaultLauncher.execute(DefaultLauncher.java:114)
	at org.junit.platform.launcher.core.DefaultLauncher.execute(DefaultLauncher.java:86)
	at org.junit.platform.launcher.core.DefaultLauncherSession$DelegatingLauncher.execute(DefaultLauncherSession.java:86)
	at org.junit.platform.launcher.core.SessionPerRequestLauncher.execute(SessionPerRequestLauncher.java:53)
	at com.intellij.junit5.JUnit5IdeaTestRunner.startRunnerWithArgs(JUnit5IdeaTestRunner.java:57)
	at com.intellij.rt.junit.IdeaTestRunner$Repeater$1.execute(IdeaTestRunner.java:38)
	at com.intellij.rt.execution.junit.TestsRepeater.repeat(TestsRepeater.java:11)
	at com.intellij.rt.junit.IdeaTestRunner$Repeater.startRunnerWithArgs(IdeaTestRunner.java:35)
	at com.intellij.rt.junit.JUnitStarter.prepareStreamsAndStart(JUnitStarter.java:231)
	at com.intellij.rt.junit.JUnitStarter.main(JUnitStarter.java:55)
üü° [Interactor] execute() triggered
‚ùå [Interactor] Failed to parse time: 8 AM, noon, night
üü° [Interactor] execute() triggered
‚úÖ [Interactor] Parsed times: 08:00, 12:30, 20:45
üü¢ [Interactor] Calling presenter...
DEBUG: DeleteTaskPresenter - TodayTasksViewModel set: true
DEBUG: DeleteTaskPresenter - AddTaskToTodayViewModel set: true
DEBUG: DeleteTaskPresenter - TodayTasksViewModel set: true
DEBUG: DeleteTaskPresenter - AddTaskToTodayViewModel set: true
DEBUG: DeleteTaskPresenter - TodayTasksViewModel set: true
DEBUG: DeleteTaskPresenter - AddTaskToTodayViewModel set: true
DEBUG: DeleteTaskPresenter - TodayTasksViewModel set: true
DEBUG: DeleteTaskPresenter - AddTaskToTodayViewModel set: true
DEBUG: DeleteTaskPresenter - TodayTasksViewModel set: true
DEBUG: DeleteTaskPresenter - AddTaskToTodayViewModel set: true
DEBUG: Triggered Today's Tasks refresh after delete
DEBUG: Triggered Today So Far refresh after task delete
DEBUG: Triggered Add to Today dropdown refresh after task delete
DEBUG: DeleteTaskPresenter - TodayTasksViewModel set: true
DEBUG: DeleteTaskPresenter - AddTaskToTodayViewModel set: true
DEBUG: Triggered Today's Tasks refresh after delete
DEBUG: Triggered Today So Far refresh after task delete
DEBUG: Triggered Add to Today dropdown refresh after task delete
DEBUG: DeleteTaskPresenter - TodayTasksViewModel set: true
DEBUG: DeleteTaskPresenter - AddTaskToTodayViewModel set: true
DEBUG: Triggered Today's Tasks refresh after delete
DEBUG: Triggered Today So Far refresh after task delete
DEBUG: Triggered Add to Today dropdown refresh after task delete
DEBUG: DeleteTaskPresenter - TodayTasksViewModel set: true
DEBUG: DeleteTaskPresenter - AddTaskToTodayViewModel set: true
DEBUG: DeleteTaskPresenter - TodayTasksViewModel set: true
DEBUG: DeleteTaskPresenter - AddTaskToTodayViewModel set: true
DEBUG: Triggered Today's Tasks refresh after delete
DEBUG: Triggered Today So Far refresh after task delete
DEBUG: Triggered Add to Today dropdown refresh after task delete
DEBUG: DeleteTaskPresenter - TodayTasksViewModel set: true
DEBUG: DeleteTaskPresenter - AddTaskToTodayViewModel set: true
DEBUG: DeleteTaskPresenter - TodayTasksViewModel set: true
DEBUG: DeleteTaskPresenter - AddTaskToTodayViewModel set: true
DEBUG: DeleteTaskPresenter - TodayTasksViewModel set: true
DEBUG: DeleteTaskPresenter - AddTaskToTodayViewModel set: true
DEBUG: TodaySoFarInteractor.refreshTodaySoFar() called
DEBUG: Active goals count: 0
DEBUG: Completed tasks count: 1
DEBUG: Completed events count: 0
DEBUG: Presenting output data to boundary
DEBUG: TodaySoFarInteractor.refreshTodaySoFar() called
DEBUG: Active goals count: 0
DEBUG: Completed tasks count: 0
DEBUG: Completed events count: 0
DEBUG: Presenting output data to boundary
DEBUG: TodaySoFarInteractor.refreshTodaySoFar() called
DEBUG: Active goals count: 0
DEBUG: Completed tasks count: 0
DEBUG: Completed events count: 0
DEBUG: Presenting output data to boundary
DEBUG: TodaySoFarInteractor.refreshTodaySoFar() called
DEBUG: Active goals count: 0
DEBUG: Completed tasks count: 0
DEBUG: Completed events count: 0
DEBUG: Presenting output data to boundary
DEBUG: TodaySoFarInteractor.refreshTodaySoFar() called
DEBUG: Active goals count: 3
DEBUG: Adding goal to Today So Far - Name: Progress Goal 0, Period: Weekly, Progress: 0/10
DEBUG: Adding goal to Today So Far - Name: Progress Goal 5, Period: Weekly, Progress: 5/10
DEBUG: Adding goal to Today So Far - Name: Progress Goal 10, Period: Weekly, Progress: 10/10
DEBUG: Completed tasks count: 0
DEBUG: Completed events count: 0
DEBUG: Presenting output data to boundary
DEBUG: TodaySoFarInteractor.refreshTodaySoFar() called
DEBUG: Error in refreshTodaySoFar: Test exception
java.lang.RuntimeException: Test exception
	at use_case.Angela.today_so_far.TodaySoFarInteractorComprehensiveTest$ComprehensiveTestDataAccess.getActiveGoals(TodaySoFarInteractorComprehensiveTest.java:421)
	at use_case.Angela.today_so_far.TodaySoFarInteractor.refreshTodaySoFar(TodaySoFarInteractor.java:38)
	at use_case.Angela.today_so_far.TodaySoFarInteractorComprehensiveTest.testRefreshWithException(TodaySoFarInteractorComprehensiveTest.java:183)
	at java.base/jdk.internal.reflect.DirectMethodHandleAccessor.invoke(DirectMethodHandleAccessor.java:104)
	at java.base/java.lang.reflect.Method.invoke(Method.java:565)
	at org.junit.platform.commons.util.ReflectionUtils.invokeMethod(ReflectionUtils.java:725)
	at org.junit.jupiter.engine.execution.MethodInvocation.proceed(MethodInvocation.java:60)
	at org.junit.jupiter.engine.execution.InvocationInterceptorChain$ValidatingInvocation.proceed(InvocationInterceptorChain.java:131)
	at org.junit.jupiter.engine.extension.TimeoutExtension.intercept(TimeoutExtension.java:149)
	at org.junit.jupiter.engine.extension.TimeoutExtension.interceptTestableMethod(TimeoutExtension.java:140)
	at org.junit.jupiter.engine.extension.TimeoutExtension.interceptTestMethod(TimeoutExtension.java:84)
	at org.junit.jupiter.engine.execution.ExecutableInvoker$ReflectiveInterceptorCall.lambda$ofVoidMethod$0(ExecutableInvoker.java:115)
	at org.junit.jupiter.engine.execution.ExecutableInvoker.lambda$invoke$0(ExecutableInvoker.java:105)
	at org.junit.jupiter.engine.execution.InvocationInterceptorChain$InterceptedInvocation.proceed(InvocationInterceptorChain.java:106)
	at org.junit.jupiter.engine.execution.InvocationInterceptorChain.proceed(InvocationInterceptorChain.java:64)
	at org.junit.jupiter.engine.execution.InvocationInterceptorChain.chainAndInvoke(InvocationInterceptorChain.java:45)
	at org.junit.jupiter.engine.execution.InvocationInterceptorChain.invoke(InvocationInterceptorChain.java:37)
	at org.junit.jupiter.engine.execution.ExecutableInvoker.invoke(ExecutableInvoker.java:104)
	at org.junit.jupiter.engine.execution.ExecutableInvoker.invoke(ExecutableInvoker.java:98)
	at org.junit.jupiter.engine.descriptor.TestMethodTestDescriptor.lambda$invokeTestMethod$7(TestMethodTestDescriptor.java:214)
	at org.junit.platform.engine.support.hierarchical.ThrowableCollector.execute(ThrowableCollector.java:73)
	at org.junit.jupiter.engine.descriptor.TestMethodTestDescriptor.invokeTestMethod(TestMethodTestDescriptor.java:210)
	at org.junit.jupiter.engine.descriptor.TestMethodTestDescriptor.execute(TestMethodTestDescriptor.java:135)
	at org.junit.jupiter.engine.descriptor.TestMethodTestDescriptor.execute(TestMethodTestDescriptor.java:66)
	at org.junit.platform.engine.support.hierarchical.NodeTestTask.lambda$executeRecursively$6(NodeTestTask.java:151)
	at org.junit.platform.engine.support.hierarchical.ThrowableCollector.execute(ThrowableCollector.java:73)
	at org.junit.platform.engine.support.hierarchical.NodeTestTask.lambda$executeRecursively$8(NodeTestTask.java:141)
	at org.junit.platform.engine.support.hierarchical.Node.around(Node.java:137)
	at org.junit.platform.engine.support.hierarchical.NodeTestTask.lambda$executeRecursively$9(NodeTestTask.java:139)
	at org.junit.platform.engine.support.hierarchical.ThrowableCollector.execute(ThrowableCollector.java:73)
	at org.junit.platform.engine.support.hierarchical.NodeTestTask.executeRecursively(NodeTestTask.java:138)
	at org.junit.platform.engine.support.hierarchical.NodeTestTask.execute(NodeTestTask.java:95)
	at java.base/java.util.ArrayList.forEach(ArrayList.java:1604)
	at org.junit.platform.engine.support.hierarchical.SameThreadHierarchicalTestExecutorService.invokeAll(SameThreadHierarchicalTestExecutorService.java:41)
	at org.junit.platform.engine.support.hierarchical.NodeTestTask.lambda$executeRecursively$6(NodeTestTask.java:155)
	at org.junit.platform.engine.support.hierarchical.ThrowableCollector.execute(ThrowableCollector.java:73)
	at org.junit.platform.engine.support.hierarchical.NodeTestTask.lambda$executeRecursively$8(NodeTestTask.java:141)
	at org.junit.platform.engine.support.hierarchical.Node.around(Node.java:137)
	at org.junit.platform.engine.support.hierarchical.NodeTestTask.lambda$executeRecursively$9(NodeTestTask.java:139)
	at org.junit.platform.engine.support.hierarchical.ThrowableCollector.execute(ThrowableCollector.java:73)
	at org.junit.platform.engine.support.hierarchical.NodeTestTask.executeRecursively(NodeTestTask.java:138)
	at org.junit.platform.engine.support.hierarchical.NodeTestTask.execute(NodeTestTask.java:95)
	at java.base/java.util.ArrayList.forEach(ArrayList.java:1604)
	at org.junit.platform.engine.support.hierarchical.SameThreadHierarchicalTestExecutorService.invokeAll(SameThreadHierarchicalTestExecutorService.java:41)
	at org.junit.platform.engine.support.hierarchical.NodeTestTask.lambda$executeRecursively$6(NodeTestTask.java:155)
	at org.junit.platform.engine.support.hierarchical.ThrowableCollector.execute(ThrowableCollector.java:73)
	at org.junit.platform.engine.support.hierarchical.NodeTestTask.lambda$executeRecursively$8(NodeTestTask.java:141)
	at org.junit.platform.engine.support.hierarchical.Node.around(Node.java:137)
	at org.junit.platform.engine.support.hierarchical.NodeTestTask.lambda$executeRecursively$9(NodeTestTask.java:139)
	at org.junit.platform.engine.support.hierarchical.ThrowableCollector.execute(ThrowableCollector.java:73)
	at org.junit.platform.engine.support.hierarchical.NodeTestTask.executeRecursively(NodeTestTask.java:138)
	at org.junit.platform.engine.support.hierarchical.NodeTestTask.execute(NodeTestTask.java:95)
	at org.junit.platform.engine.support.hierarchical.SameThreadHierarchicalTestExecutorService.submit(SameThreadHierarchicalTestExecutorService.java:35)
	at org.junit.platform.engine.support.hierarchical.HierarchicalTestExecutor.execute(HierarchicalTestExecutor.java:57)
	at org.junit.platform.engine.support.hierarchical.HierarchicalTestEngine.execute(HierarchicalTestEngine.java:54)
	at org.junit.platform.launcher.core.EngineExecutionOrchestrator.execute(EngineExecutionOrchestrator.java:107)
	at org.junit.platform.launcher.core.EngineExecutionOrchestrator.execute(EngineExecutionOrchestrator.java:88)
	at org.junit.platform.launcher.core.EngineExecutionOrchestrator.lambda$execute$0(EngineExecutionOrchestrator.java:54)
	at org.junit.platform.launcher.core.EngineExecutionOrchestrator.withInterceptedStreams(EngineExecutionOrchestrator.java:67)
	at org.junit.platform.launcher.core.EngineExecutionOrchestrator.execute(EngineExecutionOrchestrator.java:52)
	at org.junit.platform.launcher.core.DefaultLauncher.execute(DefaultLauncher.java:114)
	at org.junit.platform.launcher.core.DefaultLauncher.execute(DefaultLauncher.java:86)
	at org.junit.platform.launcher.core.DefaultLauncherSession$DelegatingLauncher.execute(DefaultLauncherSession.java:86)
	at org.junit.platform.launcher.core.SessionPerRequestLauncher.execute(SessionPerRequestLauncher.java:53)
	at com.intellij.junit5.JUnit5IdeaTestRunner.startRunnerWithArgs(JUnit5IdeaTestRunner.java:57)
	at com.intellij.rt.junit.IdeaTestRunner$Repeater$1.execute(IdeaTestRunner.java:38)
	at com.intellij.rt.execution.junit.TestsRepeater.repeat(TestsRepeater.java:11)
	at com.intellij.rt.junit.IdeaTestRunner$Repeater.startRunnerWithArgs(IdeaTestRunner.java:35)
	at com.intellij.rt.junit.JUnitStarter.prepareStreamsAndStart(JUnitStarter.java:231)
	at com.intellij.rt.junit.JUnitStarter.main(JUnitStarter.java:55)
DEBUG: TodaySoFarInteractor.refreshTodaySoFar() called
DEBUG: Active goals count: 3
DEBUG: Adding goal to Today So Far - Name: Goal WEEK, Period: Weekly, Progress: 3/5
DEBUG: Adding goal to Today So Far - Name: Goal MONTH, Period: Monthly, Progress: 10/30
DEBUG: Adding goal to Today So Far - Name: Custom Goal, Period: Weekly, Progress: 4/7
DEBUG: Completed tasks count: 2
DEBUG: Completed events count: 2
DEBUG: Added event to completed items: Event 1
DEBUG: Added event to completed items: Event 2
DEBUG: Presenting output data to boundary
DEBUG: TodaySoFarInteractor.refreshTodaySoFar() called
DEBUG: Active goals count: 0
DEBUG: Completed tasks count: 0
DEBUG: Completed events count: 0
DEBUG: Presenting output data to boundary
DEBUG: TodaySoFarInteractor.refreshTodaySoFar() called
DEBUG: Active goals count: 0
DEBUG: Completed tasks count: 1
DEBUG: Completed events count: 1
DEBUG: Added event to completed items: Event No Category
DEBUG: Presenting output data to boundary
DEBUG: TodaySoFarInteractor.refreshTodaySoFar() called
DEBUG: Active goals count: 1
DEBUG: Adding goal to Today So Far - Name: Ongoing Goal, Period: Ongoing, Progress: 2/5
DEBUG: Completed tasks count: 0
DEBUG: Completed events count: 0
DEBUG: Presenting output data to boundary
DEBUG: EditTodayTaskInteractor.execute - taskId: 2f3d0140-198a-49be-90d4-acdb3d816f38
DEBUG: Task updated successfully - Successfully updated task: Fix Overdue Task
DEBUG: EditTodayTaskInteractor.execute - taskId: dae83d44-1e18-42e7-b7ed-489da131598c
DEBUG: Task updated successfully - Successfully updated task: Edit Both Fields
DEBUG: EditTodayTaskInteractor.execute - taskId: 81093640-02dc-4a53-a152-38dbbf9e2161
DEBUG: Task updated successfully - Successfully updated task: Completed Task
DEBUG: EditTodayTaskInteractor.execute - taskId: 7fbea908-6fd5-4f44-b6ea-60fff0b6298b
DEBUG: EditTodayTaskInteractor.execute - taskId: non-existent-id
DEBUG: EditTodayTaskInteractor.execute - taskId: c1934b24-4e6d-4949-96d1-0b8a2e956a3b
DEBUG: Task updated successfully - Successfully updated task: Edit Due Date Task
DEBUG: EditTodayTaskInteractor.execute - taskId: ebfe6f3a-240f-4f41-8171-7902a75628ce
DEBUG: Task updated successfully - Successfully updated task: Remove Priority Task
DEBUG: EditTodayTaskInteractor.execute - taskId: 437135f5-1d1b-4dd7-93ff-fd78e6167eb5
DEBUG: Task updated successfully - Successfully updated task: No Changes Task
DEBUG: EditTodayTaskInteractor.execute - taskId: f72cdbd7-5dfe-4a7b-8d70-a322dc56e533
DEBUG: Task updated successfully - Successfully updated task: Edit Priority Task
DEBUG: EditTodayTaskInteractor.execute - taskId: 0a4a2cb7-2c2a-47f8-95ca-9ebaaeda9632
DEBUG: Task updated successfully - Successfully updated task: Remove Due Date Task
DEBUG: Creating TaskAvailable with isOneTime: false
DEBUG: Task saved with ID: ca72c07e-a52b-4331-9ad8-76c96fb72676, isOneTime: false
DEBUG: Calling outputBoundary.presentSuccess
DEBUG: Creating TaskAvailable with isOneTime: false
DEBUG: Task saved with ID: 3aae718f-a88e-4b59-85ae-6301839bf7df, isOneTime: false
DEBUG: Calling outputBoundary.presentSuccess
DEBUG: Creating TaskAvailable with isOneTime: false
DEBUG: Task saved with ID: 1661dd81-988f-42b6-9ba3-560dba2bfb11, isOneTime: false
DEBUG: Calling outputBoundary.presentSuccess
DEBUG: Creating TaskAvailable with isOneTime: false
DEBUG: Task saved with ID: 93fcd369-6944-45f2-b9a5-9f503a87bc3e, isOneTime: false
DEBUG: Calling outputBoundary.presentSuccess
DEBUG: Creating TaskAvailable with isOneTime: false
DEBUG: Task saved with ID: 74d2a0a4-f4c0-4df0-88e6-9badd1b71b11, isOneTime: false
DEBUG: Calling outputBoundary.presentSuccess
DEBUG: Creating TaskAvailable with isOneTime: false
DEBUG: Task saved with ID: 419f63b8-8eae-4c4f-b630-25ed26b74c10, isOneTime: false
DEBUG: Calling outputBoundary.presentSuccess
DEBUG: Creating TaskAvailable with isOneTime: true
DEBUG: Task saved with ID: 4c576813-795c-428e-a58a-1185fda62472, isOneTime: true
DEBUG: Calling outputBoundary.presentSuccess
DEBUG: Creating TaskAvailable with isOneTime: false
DEBUG: Task saved with ID: 50288dde-4a15-434c-8091-49fcf6b7c088, isOneTime: false
DEBUG: Calling outputBoundary.presentSuccess
DEBUG: Creating TaskAvailable with isOneTime: false
DEBUG: Task saved with ID: 8a2fd27a-d893-42ed-8869-97c8ef4ffcae, isOneTime: false
DEBUG: Calling outputBoundary.presentSuccess
DEBUG: EditAvailableTaskController.execute called - taskId: null, name: null, isOneTime: false
DEBUG: EditAvailableTaskController.execute called - taskId: task-1, name: Test Task, isOneTime: false
DEBUG: EditAvailableTaskController.execute called - taskId: task-1, name: Regular Task, isOneTime: false
DEBUG: EditAvailableTaskController.execute called - taskId: task-2, name: One-time Task, isOneTime: true
DEBUG: EditAvailableTaskController.execute called - taskId: task-3, name: No Category Task, isOneTime: false
DEBUG: EditAvailableTaskController.execute called - taskId: , name: , isOneTime: true
DEBUG: EditAvailableTaskController.execute called - taskId: task-123, name: Updated Task, isOneTime: true
DEBUG: EditAvailableTaskViewModel.setState - EditAvailableTaskState{editingTaskId='null', error='null', successMessage='null'}
DEBUG: EditAvailableTaskViewModel.setState - EditAvailableTaskState{editingTaskId='task-789', error='null', successMessage='null'}
DEBUG: EditAvailableTaskViewModel.firePropertyChanged - state: EditAvailableTaskState{editingTaskId='task-789', error='null', successMessage='null'}
DEBUG: EditAvailableTaskViewModel.setState - EditAvailableTaskState{editingTaskId='null', error='null', successMessage='null'}
DEBUG: EditAvailableTaskViewModel.setState - EditAvailableTaskState{editingTaskId='task-1', error='null', successMessage='null'}
DEBUG: EditAvailableTaskViewModel.firePropertyChanged - state: EditAvailableTaskState{editingTaskId='task-1', error='null', successMessage='null'}
DEBUG: EditAvailableTaskViewModel.setState - EditAvailableTaskState{editingTaskId='task-2', error='null', successMessage='null'}
DEBUG: EditAvailableTaskViewModel.firePropertyChanged - state: EditAvailableTaskState{editingTaskId='task-2', error='null', successMessage='null'}
DEBUG: EditAvailableTaskViewModel.setState - EditAvailableTaskState{editingTaskId='task-3', error='null', successMessage='null'}
DEBUG: EditAvailableTaskViewModel.firePropertyChanged - state: EditAvailableTaskState{editingTaskId='task-3', error='null', successMessage='null'}
DEBUG: EditAvailableTaskViewModel.setState - EditAvailableTaskState{editingTaskId='null', error='null', successMessage='null'}
DEBUG: EditAvailableTaskViewModel.setState - EditAvailableTaskState{editingTaskId='null', error='Task name is required', successMessage='null'}
DEBUG: EditAvailableTaskViewModel.setState - EditAvailableTaskState{editingTaskId='null', error='null', successMessage='null'}
DEBUG: EditAvailableTaskViewModel.setState - EditAvailableTaskState{editingTaskId='task-123', error='Some error', successMessage='Some success'}
DEBUG: EditAvailableTaskViewModel.setState - EditAvailableTaskState{editingTaskId='null', error='null', successMessage='null'}
DEBUG: EditAvailableTaskViewModel.setState - EditAvailableTaskState{editingTaskId='null', error='null', successMessage='null'}
DEBUG: EditAvailableTaskViewModel.setState - EditAvailableTaskState{editingTaskId='null', error='null', successMessage='null'}
DEBUG: EditAvailableTaskViewModel.setState - EditAvailableTaskState{editingTaskId='null', error='null', successMessage='Task updated successfully'}
DEBUG: EditAvailableTaskViewModel.setState - EditAvailableTaskState{editingTaskId='null', error='null', successMessage='null'}
DEBUG: EditAvailableTaskViewModel.setState - EditAvailableTaskState{editingTaskId='task-456', error='null', successMessage='null'}
DEBUG: EditAvailableTaskViewModel.firePropertyChanged - state: EditAvailableTaskState{editingTaskId='task-456', error='null', successMessage='null'}
DEBUG: EditAvailableTaskViewModel.setState - EditAvailableTaskState{editingTaskId='null', error='null', successMessage='null'}
DEBUG: EditAvailableTaskViewModel.setState - EditAvailableTaskState{editingTaskId='null', error='null', successMessage='null'}
DEBUG: EditAvailableTaskViewModel.setState - EditAvailableTaskState{editingTaskId='null', error='null', successMessage='null'}
DEBUG: EditAvailableTaskViewModel.setState - EditAvailableTaskState{editingTaskId='null', error='null', successMessage='null'}
DEBUG: EditAvailableTaskViewModel.setState - EditAvailableTaskState{editingTaskId='task-123', error='Test error', successMessage='Test success'}
DEBUG: EditAvailableTaskInteractor.execute - taskId: 7208c0c7-cd0e-45f8-b258-6ef1a3b8fe70, name: Task One, isOneTime: false
DEBUG: EditAvailableTaskInteractor.execute - taskId: fc8c8ab6-a047-498f-b997-b3f15731a5fd, name: This task name is definitely too long, isOneTime: false
DEBUG: EditAvailableTaskInteractor.execute - taskId: e73e270b-c0ed-4a0c-9437-c446f0911ca8, name: Valid Name, isOneTime: false
DEBUG: EditAvailableTaskInteractor.execute - taskId: 85493f11-b90e-4648-98ee-d69e10eb3f1a, name: One-time Task, isOneTime: true
DEBUG: Task update result: true
DEBUG: Calling prepareSuccessView
DEBUG: EditAvailableTaskInteractor.execute - taskId: a9ca32de-f8de-4baf-a8c7-f6fa8e26d7fb, name: Task without Category, isOneTime: false
DEBUG: EditAvailableTaskInteractor.execute - taskId: non-existent-id, name: Updated Name, isOneTime: false
DEBUG: EditAvailableTaskInteractor.execute - taskId: 84673c59-81cf-4434-9020-255ffd0b0a64, name: , isOneTime: false
DEBUG: EditAvailableTaskInteractor.execute - taskId: bccca6bd-ae0b-4044-80de-556f005bd8a9, name: Task with Desc, isOneTime: false
DEBUG: Task update result: true
DEBUG: Calling prepareSuccessView
DEBUG: EditAvailableTaskInteractor.execute - taskId: 5965f85f-809f-46ab-b67c-15002dc62157, name: Updated Task, isOneTime: true
DEBUG: Task update result: true
DEBUG: Calling prepareSuccessView
DEBUG: EditAvailableTaskInteractor.execute - taskId: 07d65b6d-fe01-4d16-a3ba-6253b17a8a54, name: Valid Name, isOneTime: false
Refreshing event list, count: 0
Refreshing event list, count: 0
AvailableEventView received property change: state
Refreshing event list, count: 1
AvailableEventView received property change: state
Refreshing event list, count: 1
Refreshing event list, count: 1
Refreshing event list, count: 1
CreateEventPresenter triggered

org.opentest4j.AssertionFailedError: 
Event name is required
Add Today's Event
<Click to see difference>


	at org.junit.jupiter.api.AssertionUtils.fail(AssertionUtils.java:55)
	at org.junit.jupiter.api.AssertionUtils.failNotEqual(AssertionUtils.java:62)
	at org.junit.jupiter.api.AssertEquals.assertEquals(AssertEquals.java:182)
	at org.junit.jupiter.api.AssertEquals.assertEquals(AssertEquals.java:177)
	at org.junit.jupiter.api.Assertions.assertEquals(Assertions.java:1141)
	at view.alex.Event.AddEventViewTest.testAddEventFail(AddEventViewTest.java:92)
	at java.base/jdk.internal.reflect.DirectMethodHandleAccessor.invoke(DirectMethodHandleAccessor.java:104)
	at java.base/java.lang.reflect.Method.invoke(Method.java:565)
	at org.junit.platform.commons.util.ReflectionUtils.invokeMethod(ReflectionUtils.java:725)
	at org.junit.jupiter.engine.execution.MethodInvocation.proceed(MethodInvocation.java:60)
	at org.junit.jupiter.engine.execution.InvocationInterceptorChain$ValidatingInvocation.proceed(InvocationInterceptorChain.java:131)
	at org.junit.jupiter.engine.extension.TimeoutExtension.intercept(TimeoutExtension.java:149)
	at org.junit.jupiter.engine.extension.TimeoutExtension.interceptTestableMethod(TimeoutExtension.java:140)
	at org.junit.jupiter.engine.extension.TimeoutExtension.interceptTestMethod(TimeoutExtension.java:84)
	at org.junit.jupiter.engine.execution.ExecutableInvoker$ReflectiveInterceptorCall.lambda$ofVoidMethod$0(ExecutableInvoker.java:115)
	at org.junit.jupiter.engine.execution.ExecutableInvoker.lambda$invoke$0(ExecutableInvoker.java:105)
	at org.junit.jupiter.engine.execution.InvocationInterceptorChain$InterceptedInvocation.proceed(InvocationInterceptorChain.java:106)
	at org.junit.jupiter.engine.execution.InvocationInterceptorChain.proceed(InvocationInterceptorChain.java:64)
	at org.junit.jupiter.engine.execution.InvocationInterceptorChain.chainAndInvoke(InvocationInterceptorChain.java:45)
	at org.junit.jupiter.engine.execution.InvocationInterceptorChain.invoke(InvocationInterceptorChain.java:37)
	at org.junit.jupiter.engine.execution.ExecutableInvoker.invoke(ExecutableInvoker.java:104)
	at org.junit.jupiter.engine.execution.ExecutableInvoker.invoke(ExecutableInvoker.java:98)
	at org.junit.jupiter.engine.descriptor.TestMethodTestDescriptor.lambda$invokeTestMethod$7(TestMethodTestDescriptor.java:214)
	at org.junit.platform.engine.support.hierarchical.ThrowableCollector.execute(ThrowableCollector.java:73)
	at org.junit.jupiter.engine.descriptor.TestMethodTestDescriptor.invokeTestMethod(TestMethodTestDescriptor.java:210)
	at org.junit.jupiter.engine.descriptor.TestMethodTestDescriptor.execute(TestMethodTestDescriptor.java:135)
	at org.junit.jupiter.engine.descriptor.TestMethodTestDescriptor.execute(TestMethodTestDescriptor.java:66)
	at org.junit.platform.engine.support.hierarchical.NodeTestTask.lambda$executeRecursively$6(NodeTestTask.java:151)
	at org.junit.platform.engine.support.hierarchical.ThrowableCollector.execute(ThrowableCollector.java:73)
	at org.junit.platform.engine.support.hierarchical.NodeTestTask.lambda$executeRecursively$8(NodeTestTask.java:141)
	at org.junit.platform.engine.support.hierarchical.Node.around(Node.java:137)
	at org.junit.platform.engine.support.hierarchical.NodeTestTask.lambda$executeRecursively$9(NodeTestTask.java:139)
	at org.junit.platform.engine.support.hierarchical.ThrowableCollector.execute(ThrowableCollector.java:73)
	at org.junit.platform.engine.support.hierarchical.NodeTestTask.executeRecursively(NodeTestTask.java:138)
	at org.junit.platform.engine.support.hierarchical.NodeTestTask.execute(NodeTestTask.java:95)
	at java.base/java.util.ArrayList.forEach(ArrayList.java:1604)
	at org.junit.platform.engine.support.hierarchical.SameThreadHierarchicalTestExecutorService.invokeAll(SameThreadHierarchicalTestExecutorService.java:41)
	at org.junit.platform.engine.support.hierarchical.NodeTestTask.lambda$executeRecursively$6(NodeTestTask.java:155)
	at org.junit.platform.engine.support.hierarchical.ThrowableCollector.execute(ThrowableCollector.java:73)
	at org.junit.platform.engine.support.hierarchical.NodeTestTask.lambda$executeRecursively$8(NodeTestTask.java:141)
	at org.junit.platform.engine.support.hierarchical.Node.around(Node.java:137)
	at org.junit.platform.engine.support.hierarchical.NodeTestTask.lambda$executeRecursively$9(NodeTestTask.java:139)
	at org.junit.platform.engine.support.hierarchical.ThrowableCollector.execute(ThrowableCollector.java:73)
	at org.junit.platform.engine.support.hierarchical.NodeTestTask.executeRecursively(NodeTestTask.java:138)
	at org.junit.platform.engine.support.hierarchical.NodeTestTask.execute(NodeTestTask.java:95)
	at java.base/java.util.ArrayList.forEach(ArrayList.java:1604)
	at org.junit.platform.engine.support.hierarchical.SameThreadHierarchicalTestExecutorService.invokeAll(SameThreadHierarchicalTestExecutorService.java:41)
	at org.junit.platform.engine.support.hierarchical.NodeTestTask.lambda$executeRecursively$6(NodeTestTask.java:155)
	at org.junit.platform.engine.support.hierarchical.ThrowableCollector.execute(ThrowableCollector.java:73)
	at org.junit.platform.engine.support.hierarchical.NodeTestTask.lambda$executeRecursively$8(NodeTestTask.java:141)
	at org.junit.platform.engine.support.hierarchical.Node.around(Node.java:137)
	at org.junit.platform.engine.support.hierarchical.NodeTestTask.lambda$executeRecursively$9(NodeTestTask.java:139)
	at org.junit.platform.engine.support.hierarchical.ThrowableCollector.execute(ThrowableCollector.java:73)
	at org.junit.platform.engine.support.hierarchical.NodeTestTask.executeRecursively(NodeTestTask.java:138)
	at org.junit.platform.engine.support.hierarchical.NodeTestTask.execute(NodeTestTask.java:95)
	at org.junit.platform.engine.support.hierarchical.SameThreadHierarchicalTestExecutorService.submit(SameThreadHierarchicalTestExecutorService.java:35)
	at org.junit.platform.engine.support.hierarchical.HierarchicalTestExecutor.execute(HierarchicalTestExecutor.java:57)
	at org.junit.platform.engine.support.hierarchical.HierarchicalTestEngine.execute(HierarchicalTestEngine.java:54)
	at org.junit.platform.launcher.core.EngineExecutionOrchestrator.execute(EngineExecutionOrchestrator.java:107)
	at org.junit.platform.launcher.core.EngineExecutionOrchestrator.execute(EngineExecutionOrchestrator.java:88)
	at org.junit.platform.launcher.core.EngineExecutionOrchestrator.lambda$execute$0(EngineExecutionOrchestrator.java:54)
	at org.junit.platform.launcher.core.EngineExecutionOrchestrator.withInterceptedStreams(EngineExecutionOrchestrator.java:67)
	at org.junit.platform.launcher.core.EngineExecutionOrchestrator.execute(EngineExecutionOrchestrator.java:52)
	at org.junit.platform.launcher.core.DefaultLauncher.execute(DefaultLauncher.java:114)
	at org.junit.platform.launcher.core.DefaultLauncher.execute(DefaultLauncher.java:86)
	at org.junit.platform.launcher.core.DefaultLauncherSession$DelegatingLauncher.execute(DefaultLauncherSession.java:86)
	at org.junit.platform.launcher.core.SessionPerRequestLauncher.execute(SessionPerRequestLauncher.java:53)
	at com.intellij.junit5.JUnit5IdeaTestRunner.startRunnerWithArgs(JUnit5IdeaTestRunner.java:57)
	at com.intellij.rt.junit.IdeaTestRunner$Repeater$1.execute(IdeaTestRunner.java:38)
	at com.intellij.rt.execution.junit.TestsRepeater.repeat(TestsRepeater.java:11)
	at com.intellij.rt.junit.IdeaTestRunner$Repeater.startRunnerWithArgs(IdeaTestRunner.java:35)
	at com.intellij.rt.junit.JUnitStarter.prepareStreamsAndStart(JUnitStarter.java:231)
	at com.intellij.rt.junit.JUnitStarter.main(JUnitStarter.java:55)


org.opentest4j.AssertionFailedError: 
true
false
<Click to see difference>


	at org.junit.jupiter.api.AssertionUtils.fail(AssertionUtils.java:55)
	at org.junit.jupiter.api.AssertTrue.assertTrue(AssertTrue.java:40)
	at org.junit.jupiter.api.AssertTrue.assertTrue(AssertTrue.java:35)
	at org.junit.jupiter.api.Assertions.assertTrue(Assertions.java:179)
	at view.alex.Event.AddEventViewTest.testAddEventSuccess(AddEventViewTest.java:78)
	at java.base/jdk.internal.reflect.DirectMethodHandleAccessor.invoke(DirectMethodHandleAccessor.java:104)
	at java.base/java.lang.reflect.Method.invoke(Method.java:565)
	at org.junit.platform.commons.util.ReflectionUtils.invokeMethod(ReflectionUtils.java:725)
	at org.junit.jupiter.engine.execution.MethodInvocation.proceed(MethodInvocation.java:60)
	at org.junit.jupiter.engine.execution.InvocationInterceptorChain$ValidatingInvocation.proceed(InvocationInterceptorChain.java:131)
	at org.junit.jupiter.engine.extension.TimeoutExtension.intercept(TimeoutExtension.java:149)
	at org.junit.jupiter.engine.extension.TimeoutExtension.interceptTestableMethod(TimeoutExtension.java:140)
	at org.junit.jupiter.engine.extension.TimeoutExtension.interceptTestMethod(TimeoutExtension.java:84)
	at org.junit.jupiter.engine.execution.ExecutableInvoker$ReflectiveInterceptorCall.lambda$ofVoidMethod$0(ExecutableInvoker.java:115)
	at org.junit.jupiter.engine.execution.ExecutableInvoker.lambda$invoke$0(ExecutableInvoker.java:105)
	at org.junit.jupiter.engine.execution.InvocationInterceptorChain$InterceptedInvocation.proceed(InvocationInterceptorChain.java:106)
	at org.junit.jupiter.engine.execution.InvocationInterceptorChain.proceed(InvocationInterceptorChain.java:64)
	at org.junit.jupiter.engine.execution.InvocationInterceptorChain.chainAndInvoke(InvocationInterceptorChain.java:45)
	at org.junit.jupiter.engine.execution.InvocationInterceptorChain.invoke(InvocationInterceptorChain.java:37)
	at org.junit.jupiter.engine.execution.ExecutableInvoker.invoke(ExecutableInvoker.java:104)
	at org.junit.jupiter.engine.execution.ExecutableInvoker.invoke(ExecutableInvoker.java:98)
	at org.junit.jupiter.engine.descriptor.TestMethodTestDescriptor.lambda$invokeTestMethod$7(TestMethodTestDescriptor.java:214)
	at org.junit.platform.engine.support.hierarchical.ThrowableCollector.execute(ThrowableCollector.java:73)
	at org.junit.jupiter.engine.descriptor.TestMethodTestDescriptor.invokeTestMethod(TestMethodTestDescriptor.java:210)
	at org.junit.jupiter.engine.descriptor.TestMethodTestDescriptor.execute(TestMethodTestDescriptor.java:135)
	at org.junit.jupiter.engine.descriptor.TestMethodTestDescriptor.execute(TestMethodTestDescriptor.java:66)
	at org.junit.platform.engine.support.hierarchical.NodeTestTask.lambda$executeRecursively$6(NodeTestTask.java:151)
	at org.junit.platform.engine.support.hierarchical.ThrowableCollector.execute(ThrowableCollector.java:73)
	at org.junit.platform.engine.support.hierarchical.NodeTestTask.lambda$executeRecursively$8(NodeTestTask.java:141)
	at org.junit.platform.engine.support.hierarchical.Node.around(Node.java:137)
	at org.junit.platform.engine.support.hierarchical.NodeTestTask.lambda$executeRecursively$9(NodeTestTask.java:139)
	at org.junit.platform.engine.support.hierarchical.ThrowableCollector.execute(ThrowableCollector.java:73)
	at org.junit.platform.engine.support.hierarchical.NodeTestTask.executeRecursively(NodeTestTask.java:138)
	at org.junit.platform.engine.support.hierarchical.NodeTestTask.execute(NodeTestTask.java:95)
	at java.base/java.util.ArrayList.forEach(ArrayList.java:1604)
	at org.junit.platform.engine.support.hierarchical.SameThreadHierarchicalTestExecutorService.invokeAll(SameThreadHierarchicalTestExecutorService.java:41)
	at org.junit.platform.engine.support.hierarchical.NodeTestTask.lambda$executeRecursively$6(NodeTestTask.java:155)
	at org.junit.platform.engine.support.hierarchical.ThrowableCollector.execute(ThrowableCollector.java:73)
	at org.junit.platform.engine.support.hierarchical.NodeTestTask.lambda$executeRecursively$8(NodeTestTask.java:141)
	at org.junit.platform.engine.support.hierarchical.Node.around(Node.java:137)
	at org.junit.platform.engine.support.hierarchical.NodeTestTask.lambda$executeRecursively$9(NodeTestTask.java:139)
	at org.junit.platform.engine.support.hierarchical.ThrowableCollector.execute(ThrowableCollector.java:73)
	at org.junit.platform.engine.support.hierarchical.NodeTestTask.executeRecursively(NodeTestTask.java:138)
	at org.junit.platform.engine.support.hierarchical.NodeTestTask.execute(NodeTestTask.java:95)
	at java.base/java.util.ArrayList.forEach(ArrayList.java:1604)
	at org.junit.platform.engine.support.hierarchical.SameThreadHierarchicalTestExecutorService.invokeAll(SameThreadHierarchicalTestExecutorService.java:41)
	at org.junit.platform.engine.support.hierarchical.NodeTestTask.lambda$executeRecursively$6(NodeTestTask.java:155)
	at org.junit.platform.engine.support.hierarchical.ThrowableCollector.execute(ThrowableCollector.java:73)
	at org.junit.platform.engine.support.hierarchical.NodeTestTask.lambda$executeRecursively$8(NodeTestTask.java:141)
	at org.junit.platform.engine.support.hierarchical.Node.around(Node.java:137)
	at org.junit.platform.engine.support.hierarchical.NodeTestTask.lambda$executeRecursively$9(NodeTestTask.java:139)
	at org.junit.platform.engine.support.hierarchical.ThrowableCollector.execute(ThrowableCollector.java:73)
	at org.junit.platform.engine.support.hierarchical.NodeTestTask.executeRecursively(NodeTestTask.java:138)
	at org.junit.platform.engine.support.hierarchical.NodeTestTask.execute(NodeTestTask.java:95)
	at org.junit.platform.engine.support.hierarchical.SameThreadHierarchicalTestExecutorService.submit(SameThreadHierarchicalTestExecutorService.java:35)
	at org.junit.platform.engine.support.hierarchical.HierarchicalTestExecutor.execute(HierarchicalTestExecutor.java:57)
	at org.junit.platform.engine.support.hierarchical.HierarchicalTestEngine.execute(HierarchicalTestEngine.java:54)
	at org.junit.platform.launcher.core.EngineExecutionOrchestrator.execute(EngineExecutionOrchestrator.java:107)
	at org.junit.platform.launcher.core.EngineExecutionOrchestrator.execute(EngineExecutionOrchestrator.java:88)
	at org.junit.platform.launcher.core.EngineExecutionOrchestrator.lambda$execute$0(EngineExecutionOrchestrator.java:54)
	at org.junit.platform.launcher.core.EngineExecutionOrchestrator.withInterceptedStreams(EngineExecutionOrchestrator.java:67)
	at org.junit.platform.launcher.core.EngineExecutionOrchestrator.execute(EngineExecutionOrchestrator.java:52)
	at org.junit.platform.launcher.core.DefaultLauncher.execute(DefaultLauncher.java:114)
	at org.junit.platform.launcher.core.DefaultLauncher.execute(DefaultLauncher.java:86)
	at org.junit.platform.launcher.core.DefaultLauncherSession$DelegatingLauncher.execute(DefaultLauncherSession.java:86)
	at org.junit.platform.launcher.core.SessionPerRequestLauncher.execute(SessionPerRequestLauncher.java:53)
	at com.intellij.junit5.JUnit5IdeaTestRunner.startRunnerWithArgs(JUnit5IdeaTestRunner.java:57)
	at com.intellij.rt.junit.IdeaTestRunner$Repeater$1.execute(IdeaTestRunner.java:38)
	at com.intellij.rt.execution.junit.TestsRepeater.repeat(TestsRepeater.java:11)
	at com.intellij.rt.junit.IdeaTestRunner$Repeater.startRunnerWithArgs(IdeaTestRunner.java:35)
	at com.intellij.rt.junit.JUnitStarter.prepareStreamsAndStart(JUnitStarter.java:231)
	at com.intellij.rt.junit.JUnitStarter.main(JUnitStarter.java:55)

DEBUG: DeleteCategoryInteractor.execute() called with categoryId: 1
DEBUG: Found category: Work
DEBUG: Updating tasks with category: Work
DEBUG: Task update result: true
DEBUG: Updating events with category: Work
DEBUG: Event update result: true
DEBUG: Deleting category: Work
DEBUG: Category deletion result: true
DEBUG: Category deleted successfully. Updated 0 available tasks and 0 today's tasks to have empty category.
DEBUG: DeleteCategoryInteractor.execute() called with categoryId: 1
DEBUG: Found category: Work
DEBUG: Updating tasks with category: Work
DEBUG: Task update result: true
DEBUG: Updating events with category: Work
DEBUG: Event update result: true
DEBUG: Deleting category: Work
DEBUG: Category deletion result: true
DEBUG: Category deleted successfully. Updated 1 available tasks, 1 today's tasks, 1 available events, and 1 today's events
DEBUG: DeleteCategoryInteractor.execute() called with categoryId: 999
DEBUG: Found category: null
DEBUG: DeleteTaskInteractor - Attempting to delete task with ID: 77c09493-37ed-471d-9818-7a8c82cbe176
DEBUG: DeleteTaskInteractor - Task template found: true
DEBUG: DeleteTaskInteractor - Attempting to delete task with ID: 5d797bce-8601-4f4b-b69d-9010c12f88a1
DEBUG: DeleteTaskInteractor - Task template found: true
DEBUG: DeleteTaskInteractor - Deletion result: true
DEBUG: DeleteTaskInteractor - Attempting to delete task with ID: 005d1086-2fd8-4aeb-9310-46220feaff9b
DEBUG: DeleteTaskInteractor - Task template found: true
DEBUG: DeleteTaskInteractor - Attempting to delete task with ID: 4d9daf03-b291-44db-9b22-740b0f84c4e8
DEBUG: DeleteTaskInteractor - Task template found: true
DEBUG: DeleteTaskInteractor - Deletion result: true
DEBUG: DeleteTaskInteractor - Attempting to delete task with ID: 8f0ea0e9-d52f-435a-b232-821948dcb514
DEBUG: DeleteTaskInteractor - Task template found: true
DEBUG: DeleteTaskInteractor - Attempting to delete task with ID: bd60b8a6-201b-4604-8fcc-f68a5cd23b00
DEBUG: DeleteTaskInteractor - Task template found: true
DEBUG: DeleteTaskInteractor - Deletion result: true
DEBUG: DeleteTaskInteractor - Attempting to delete task with ID: non-existent-id
DEBUG: DeleteTaskInteractor - Task template found: false
DEBUG: DeleteTaskInteractor - Available tasks count: 0
DEBUG: DeleteTaskInteractor - Attempting to delete task with ID: 72fcaa7b-338b-4486-84d9-94aafb31209e
DEBUG: DeleteTaskInteractor - Task template found: true
DEBUG: DeleteTaskInteractor - Deletion result: true
DEBUG: DeleteTaskInteractor - Attempting to delete task with ID: 2ca25e06-670d-4b29-a372-304cae10a669
DEBUG: DeleteTaskInteractor - Task template found: true
